<?xml version="1.0" ?>
<coverage version="7.12.0" timestamp="1764428072184" lines-valid="2399" lines-covered="1777" line-rate="0.7407" branches-valid="714" branches-covered="395" branch-rate="0.5532" complexity="0">
	<!-- Generated by coverage.py: https://coverage.readthedocs.io/en/7.12.0 -->
	<!-- Based on https://raw.githubusercontent.com/cobertura/web/master/htdocs/xml/coverage-04.dtd -->
	<sources>
		<source>C:\Users\Admin\iamxray\IAM-X-Ray</source>
	</sources>
	<packages>
		<package name="app" line-rate="0.523" branch-rate="0.2963" complexity="0">
			<classes>
				<class name="main.py" filename="app/main.py" complexity="0" line-rate="0.523" branch-rate="0.2963">
					<methods/>
					<lines>
						<line number="1747" hits="1"/>
						<line number="1748" hits="1"/>
						<line number="1749" hits="1"/>
						<line number="1750" hits="1"/>
						<line number="1751" hits="1"/>
						<line number="1752" hits="1"/>
						<line number="1753" hits="1"/>
						<line number="1754" hits="1"/>
						<line number="1757" hits="1"/>
						<line number="1758" hits="1"/>
						<line number="1760" hits="1"/>
						<line number="1761" hits="1"/>
						<line number="1762" hits="0"/>
						<line number="1763" hits="0"/>
						<line number="1765" hits="1"/>
						<line number="1766" hits="1"/>
						<line number="1771" hits="1"/>
						<line number="1775" hits="1"/>
						<line number="1776" hits="1"/>
						<line number="1777" hits="1"/>
						<line number="1778" hits="1"/>
						<line number="1783" hits="1"/>
						<line number="1784" hits="1"/>
						<line number="1795" hits="1"/>
						<line number="1803" hits="1"/>
						<line number="1887" hits="1"/>
						<line number="1888" hits="1"/>
						<line number="1889" hits="1"/>
						<line number="1890" hits="1"/>
						<line number="1891" hits="1"/>
						<line number="1892" hits="1"/>
						<line number="1893" hits="1"/>
						<line number="1896" hits="1"/>
						<line number="1897" hits="1"/>
						<line number="1898" hits="1"/>
						<line number="1899" hits="1"/>
						<line number="1900" hits="1"/>
						<line number="1903" hits="1"/>
						<line number="1904" hits="1"/>
						<line number="1905" hits="1"/>
						<line number="1908" hits="1"/>
						<line number="1909" hits="1"/>
						<line number="1912" hits="1"/>
						<line number="1913" hits="0"/>
						<line number="1917" hits="1"/>
						<line number="1918" hits="1"/>
						<line number="1919" hits="1"/>
						<line number="1922" hits="1"/>
						<line number="1923" hits="1" branch="true" condition-coverage="50% (1/2)" missing-branches="1930"/>
						<line number="1924" hits="1"/>
						<line number="1925" hits="1"/>
						<line number="1926" hits="1"/>
						<line number="1927" hits="1"/>
						<line number="1928" hits="0"/>
						<line number="1929" hits="0"/>
						<line number="1930" hits="0"/>
						<line number="1933" hits="1"/>
						<line number="1934" hits="1"/>
						<line number="1935" hits="1" branch="true" condition-coverage="50% (1/2)" missing-branches="exit"/>
						<line number="1936" hits="1"/>
						<line number="1937" hits="0"/>
						<line number="1938" hits="0"/>
						<line number="1942" hits="1"/>
						<line number="1943" hits="1" branch="true" condition-coverage="100% (2/2)"/>
						<line number="1944" hits="1"/>
						<line number="1945" hits="1"/>
						<line number="1948" hits="1"/>
						<line number="1950" hits="1"/>
						<line number="1955" hits="1"/>
						<line number="1956" hits="1"/>
						<line number="1957" hits="1"/>
						<line number="1958" hits="1"/>
						<line number="1959" hits="1"/>
						<line number="1960" hits="1"/>
						<line number="1961" hits="0"/>
						<line number="1962" hits="0"/>
						<line number="1964" hits="1" branch="true" condition-coverage="50% (1/2)" missing-branches="1965"/>
						<line number="1965" hits="0"/>
						<line number="1967" hits="1"/>
						<line number="1973" hits="1" branch="true" condition-coverage="50% (1/2)" missing-branches="2093"/>
						<line number="1976" hits="1" branch="true" condition-coverage="100% (2/2)"/>
						<line number="1977" hits="1"/>
						<line number="1979" hits="1" branch="true" condition-coverage="50% (1/2)" missing-branches="2025"/>
						<line number="1982" hits="1"/>
						<line number="2001" hits="1"/>
						<line number="2005" hits="1"/>
						<line number="2006" hits="1"/>
						<line number="2007" hits="1" branch="true" condition-coverage="50% (1/2)" missing-branches="2008"/>
						<line number="2008" hits="0"/>
						<line number="2009" hits="0"/>
						<line number="2011" hits="1"/>
						<line number="2015" hits="1"/>
						<line number="2022" hits="1"/>
						<line number="2025" hits="0" branch="true" condition-coverage="0% (0/2)" missing-branches="2026,2093"/>
						<line number="2026" hits="0"/>
						<line number="2027" hits="0"/>
						<line number="2029" hits="0"/>
						<line number="2030" hits="0"/>
						<line number="2031" hits="0"/>
						<line number="2033" hits="0"/>
						<line number="2044" hits="0"/>
						<line number="2045" hits="0"/>
						<line number="2046" hits="0"/>
						<line number="2047" hits="0"/>
						<line number="2048" hits="0"/>
						<line number="2049" hits="0"/>
						<line number="2051" hits="0"/>
						<line number="2052" hits="0"/>
						<line number="2054" hits="0" branch="true" condition-coverage="0% (0/2)" missing-branches="2055,2083"/>
						<line number="2055" hits="0" branch="true" condition-coverage="0% (0/2)" missing-branches="2056,2057"/>
						<line number="2056" hits="0"/>
						<line number="2057" hits="0" branch="true" condition-coverage="0% (0/2)" missing-branches="2058,2060"/>
						<line number="2058" hits="0"/>
						<line number="2060" hits="0"/>
						<line number="2061" hits="0"/>
						<line number="2062" hits="0"/>
						<line number="2063" hits="0"/>
						<line number="2069" hits="0"/>
						<line number="2070" hits="0"/>
						<line number="2072" hits="0"/>
						<line number="2073" hits="0"/>
						<line number="2074" hits="0"/>
						<line number="2079" hits="0"/>
						<line number="2080" hits="0"/>
						<line number="2083" hits="0" branch="true" condition-coverage="0% (0/2)" missing-branches="2084,2087"/>
						<line number="2084" hits="0"/>
						<line number="2085" hits="0"/>
						<line number="2087" hits="0"/>
						<line number="2088" hits="0"/>
						<line number="2093" hits="1"/>
						<line number="2094" hits="1" branch="true" condition-coverage="50% (1/2)" missing-branches="2095"/>
						<line number="2095" hits="0"/>
						<line number="2096" hits="0"/>
						<line number="2097" hits="0"/>
						<line number="2098" hits="0"/>
						<line number="2099" hits="0"/>
						<line number="2102" hits="1" branch="true" condition-coverage="100% (2/2)"/>
						<line number="2103" hits="1"/>
						<line number="2106" hits="1" branch="true" condition-coverage="50% (1/2)" missing-branches="2107"/>
						<line number="2107" hits="0"/>
						<line number="2108" hits="0" branch="true" condition-coverage="0% (0/2)" missing-branches="2109,2113"/>
						<line number="2109" hits="0"/>
						<line number="2110" hits="0"/>
						<line number="2113" hits="1" branch="true" condition-coverage="50% (1/2)" missing-branches="2114"/>
						<line number="2114" hits="0"/>
						<line number="2115" hits="0"/>
						<line number="2116" hits="0"/>
						<line number="2117" hits="0"/>
						<line number="2122" hits="1" branch="true" condition-coverage="50% (1/2)" missing-branches="2193"/>
						<line number="2123" hits="1"/>
						<line number="2124" hits="1"/>
						<line number="2126" hits="1"/>
						<line number="2127" hits="1"/>
						<line number="2128" hits="1"/>
						<line number="2131" hits="1"/>
						<line number="2132" hits="1"/>
						<line number="2133" hits="1"/>
						<line number="2135" hits="1"/>
						<line number="2137" hits="1" branch="true" condition-coverage="50% (1/2)" missing-branches="2138"/>
						<line number="2138" hits="0" branch="true" condition-coverage="0% (0/2)" missing-branches="2139,2140"/>
						<line number="2139" hits="0"/>
						<line number="2140" hits="0" branch="true" condition-coverage="0% (0/2)" missing-branches="2141,2148"/>
						<line number="2141" hits="0"/>
						<line number="2142" hits="0"/>
						<line number="2143" hits="0"/>
						<line number="2144" hits="0" branch="true" condition-coverage="0% (0/2)" missing-branches="2145,2146"/>
						<line number="2145" hits="0"/>
						<line number="2146" hits="0"/>
						<line number="2148" hits="0"/>
						<line number="2149" hits="0"/>
						<line number="2150" hits="0" branch="true" condition-coverage="0% (0/2)" missing-branches="2151,2153"/>
						<line number="2151" hits="0"/>
						<line number="2152" hits="0"/>
						<line number="2153" hits="0"/>
						<line number="2156" hits="1"/>
						<line number="2157" hits="1" branch="true" condition-coverage="50% (1/2)" missing-branches="2158"/>
						<line number="2158" hits="0"/>
						<line number="2159" hits="1"/>
						<line number="2162" hits="1" branch="true" condition-coverage="50% (1/2)" missing-branches="2163"/>
						<line number="2163" hits="0"/>
						<line number="2164" hits="0"/>
						<line number="2165" hits="0"/>
						<line number="2166" hits="0"/>
						<line number="2167" hits="0" branch="true" condition-coverage="0% (0/2)" missing-branches="2168,2176"/>
						<line number="2168" hits="0" branch="true" condition-coverage="0% (0/2)" missing-branches="2169,2171"/>
						<line number="2169" hits="0" branch="true" condition-coverage="0% (0/2)" missing-branches="2168,2170"/>
						<line number="2170" hits="0"/>
						<line number="2171" hits="0" branch="true" condition-coverage="0% (0/2)" missing-branches="2172,2173"/>
						<line number="2172" hits="0"/>
						<line number="2173" hits="0"/>
						<line number="2174" hits="0"/>
						<line number="2175" hits="0"/>
						<line number="2176" hits="0"/>
						<line number="2177" hits="0" branch="true" condition-coverage="0% (0/2)" missing-branches="2178,2180"/>
						<line number="2178" hits="0"/>
						<line number="2179" hits="0"/>
						<line number="2180" hits="0"/>
						<line number="2182" hits="1"/>
						<line number="2183" hits="1"/>
						<line number="2193" hits="1"/>
						<line number="2194" hits="1"/>
						<line number="2195" hits="1"/>
						<line number="2196" hits="1"/>
						<line number="2197" hits="1"/>
						<line number="2198" hits="1"/>
						<line number="2199" hits="1"/>
						<line number="2200" hits="1" branch="true" condition-coverage="50% (1/2)" missing-branches="2201"/>
						<line number="2201" hits="0"/>
						<line number="2202" hits="1" branch="true" condition-coverage="50% (1/2)" missing-branches="2203"/>
						<line number="2203" hits="0"/>
						<line number="2204" hits="0"/>
						<line number="2205" hits="0"/>
						<line number="2206" hits="0"/>
						<line number="2207" hits="0" branch="true" condition-coverage="0% (0/2)" missing-branches="2208,2210"/>
						<line number="2208" hits="0"/>
						<line number="2210" hits="1"/>
						<line number="2211" hits="1"/>
						<line number="2212" hits="1"/>
						<line number="2213" hits="1"/>
						<line number="2214" hits="1"/>
						<line number="2215" hits="1"/>
						<line number="2216" hits="1"/>
						<line number="2218" hits="1"/>
						<line number="2219" hits="1"/>
						<line number="2220" hits="1"/>
						<line number="2221" hits="1"/>
						<line number="2222" hits="1"/>
						<line number="2224" hits="1"/>
						<line number="2225" hits="1"/>
						<line number="2226" hits="1"/>
						<line number="2227" hits="1" branch="true" condition-coverage="50% (1/2)" missing-branches="2228"/>
						<line number="2228" hits="0"/>
						<line number="2230" hits="1"/>
						<line number="2231" hits="1"/>
						<line number="2232" hits="1"/>
						<line number="2233" hits="1"/>
						<line number="2234" hits="0"/>
						<line number="2235" hits="0"/>
						<line number="2236" hits="1"/>
						<line number="2237" hits="1"/>
						<line number="2238" hits="0"/>
						<line number="2239" hits="0"/>
						<line number="2244" hits="1"/>
						<line number="2245" hits="1" branch="true" condition-coverage="50% (1/2)" missing-branches="2246"/>
						<line number="2246" hits="0" branch="true" condition-coverage="0% (0/2)" missing-branches="2247,2249"/>
						<line number="2247" hits="0"/>
						<line number="2249" hits="0"/>
						<line number="2250" hits="0"/>
						<line number="2251" hits="0"/>
						<line number="2252" hits="0" branch="true" condition-coverage="0% (0/2)" missing-branches="2253,2260"/>
						<line number="2253" hits="0"/>
						<line number="2254" hits="0"/>
						<line number="2255" hits="0" branch="true" condition-coverage="0% (0/2)" missing-branches="2256,2257"/>
						<line number="2256" hits="0"/>
						<line number="2257" hits="0" branch="true" condition-coverage="0% (0/2)" missing-branches="2258,2260"/>
						<line number="2258" hits="0"/>
						<line number="2260" hits="0"/>
						<line number="2262" hits="0"/>
						<line number="2264" hits="0"/>
						<line number="2265" hits="0"/>
						<line number="2266" hits="0"/>
						<line number="2271" hits="1" branch="true" condition-coverage="50% (1/2)" missing-branches="2272"/>
						<line number="2272" hits="0" branch="true" condition-coverage="0% (0/2)" missing-branches="2273,2275"/>
						<line number="2273" hits="0"/>
						<line number="2275" hits="0"/>
						<line number="2276" hits="0"/>
						<line number="2278" hits="1"/>
						<line number="2279" hits="1"/>
						<line number="2280" hits="1" branch="true" condition-coverage="50% (1/2)" missing-branches="2281"/>
						<line number="2281" hits="0"/>
						<line number="2282" hits="0"/>
						<line number="2283" hits="0"/>
						<line number="2284" hits="0"/>
						<line number="2289" hits="1"/>
						<line number="2290" hits="1"/>
						<line number="2291" hits="1" branch="true" condition-coverage="100% (2/2)"/>
						<line number="2292" hits="1"/>
						<line number="2293" hits="1"/>
						<line number="2294" hits="1" branch="true" condition-coverage="100% (2/2)"/>
						<line number="2295" hits="1"/>
						<line number="2296" hits="1"/>
						<line number="2297" hits="1"/>
						<line number="2298" hits="1"/>
						<line number="2300" hits="1"/>
						<line number="2301" hits="1" branch="true" condition-coverage="50% (1/2)" missing-branches="2302"/>
						<line number="2302" hits="0"/>
						<line number="2303" hits="0" branch="true" condition-coverage="0% (0/2)" missing-branches="2304,2326"/>
						<line number="2304" hits="0"/>
						<line number="2305" hits="0"/>
						<line number="2306" hits="0"/>
						<line number="2307" hits="0"/>
						<line number="2326" hits="1"/>
						<line number="2328" hits="1"/>
						<line number="2329" hits="1"/>
						<line number="2330" hits="1"/>
						<line number="2332" hits="1"/>
						<line number="2334" hits="1"/>
						<line number="2335" hits="1"/>
						<line number="2336" hits="1"/>
						<line number="2337" hits="1"/>
						<line number="2338" hits="1"/>
						<line number="2350" hits="1"/>
						<line number="2351" hits="1"/>
						<line number="2352" hits="1"/>
						<line number="2353" hits="1"/>
						<line number="2360" hits="1"/>
						<line number="2361" hits="1"/>
						<line number="2367" hits="1"/>
						<line number="2376" hits="1"/>
						<line number="2377" hits="1" branch="true" condition-coverage="50% (1/2)" missing-branches="2378"/>
						<line number="2378" hits="0"/>
						<line number="2379" hits="0"/>
						<line number="2380" hits="0"/>
						<line number="2381" hits="0"/>
						<line number="2393" hits="1"/>
						<line number="2401" hits="1"/>
						<line number="2402" hits="1"/>
						<line number="2403" hits="1"/>
						<line number="2404" hits="1"/>
						<line number="2405" hits="1"/>
						<line number="2406" hits="1"/>
						<line number="2407" hits="1"/>
						<line number="2408" hits="1"/>
						<line number="2409" hits="1"/>
						<line number="2411" hits="1"/>
						<line number="2417" hits="1"/>
						<line number="2418" hits="1"/>
						<line number="2419" hits="1"/>
						<line number="2420" hits="1"/>
						<line number="2421" hits="1"/>
						<line number="2423" hits="1"/>
						<line number="2424" hits="1"/>
						<line number="2425" hits="1"/>
						<line number="2426" hits="1"/>
						<line number="2427" hits="1"/>
						<line number="2428" hits="0"/>
						<line number="2429" hits="0"/>
						<line number="2430" hits="0"/>
						<line number="2435" hits="1"/>
						<line number="2436" hits="1"/>
						<line number="2437" hits="1"/>
						<line number="2438" hits="1" branch="true" condition-coverage="50% (1/2)" missing-branches="2439"/>
						<line number="2439" hits="0"/>
						<line number="2440" hits="0"/>
						<line number="2441" hits="0" branch="true" condition-coverage="0% (0/2)" missing-branches="2442,2443"/>
						<line number="2442" hits="0"/>
						<line number="2443" hits="0"/>
						<line number="2444" hits="0" branch="true" condition-coverage="0% (0/2)" missing-branches="2445,2455"/>
						<line number="2445" hits="0"/>
						<line number="2446" hits="0"/>
						<line number="2449" hits="1"/>
						<line number="2450" hits="1"/>
						<line number="2451" hits="1"/>
						<line number="2452" hits="1"/>
						<line number="2455" hits="1"/>
						<line number="2456" hits="1" branch="true" condition-coverage="50% (1/2)" missing-branches="2457"/>
						<line number="2457" hits="0"/>
						<line number="2458" hits="0"/>
						<line number="2459" hits="0"/>
						<line number="2460" hits="0"/>
						<line number="2462" hits="1"/>
						<line number="2463" hits="1"/>
						<line number="2465" hits="1" branch="true" condition-coverage="50% (1/2)" missing-branches="2466"/>
						<line number="2466" hits="0"/>
						<line number="2467" hits="0" branch="true" condition-coverage="0% (0/2)" missing-branches="2468,2470"/>
						<line number="2468" hits="0"/>
						<line number="2470" hits="0"/>
						<line number="2471" hits="0"/>
						<line number="2472" hits="0"/>
						<line number="2473" hits="0"/>
						<line number="2474" hits="0"/>
						<line number="2475" hits="0" branch="true" condition-coverage="0% (0/2)" missing-branches="2476,2479"/>
						<line number="2476" hits="0"/>
						<line number="2477" hits="0" branch="true" condition-coverage="0% (0/2)" missing-branches="2478,2479"/>
						<line number="2478" hits="0"/>
						<line number="2479" hits="0" branch="true" condition-coverage="0% (0/2)" missing-branches="2480,2482"/>
						<line number="2480" hits="0"/>
						<line number="2481" hits="0"/>
						<line number="2482" hits="0" branch="true" condition-coverage="0% (0/2)" missing-branches="2483,2488"/>
						<line number="2483" hits="0"/>
						<line number="2484" hits="0" branch="true" condition-coverage="0% (0/2)" missing-branches="2485,2488"/>
						<line number="2485" hits="0" branch="true" condition-coverage="0% (0/2)" missing-branches="2484,2486"/>
						<line number="2486" hits="0"/>
						<line number="2487" hits="0"/>
						<line number="2488" hits="0" branch="true" condition-coverage="0% (0/2)" missing-branches="2489,2491"/>
						<line number="2489" hits="0"/>
						<line number="2490" hits="0"/>
						<line number="2491" hits="0" branch="true" condition-coverage="0% (0/2)" missing-branches="2492,2496"/>
						<line number="2492" hits="0"/>
						<line number="2493" hits="0" branch="true" condition-coverage="0% (0/2)" missing-branches="2494,2496"/>
						<line number="2494" hits="0"/>
						<line number="2496" hits="1"/>
						<line number="2497" hits="1"/>
						<line number="2498" hits="1"/>
						<line number="2499" hits="1"/>
						<line number="2500" hits="1"/>
						<line number="2502" hits="1"/>
						<line number="2503" hits="1"/>
						<line number="2504" hits="1"/>
						<line number="2506" hits="1"/>
						<line number="2507" hits="1" branch="true" condition-coverage="50% (1/2)" missing-branches="2508"/>
						<line number="2508" hits="0"/>
						<line number="2509" hits="1" branch="true" condition-coverage="50% (1/2)" missing-branches="2510"/>
						<line number="2510" hits="0"/>
						<line number="2511" hits="1" branch="true" condition-coverage="50% (1/2)" missing-branches="2512"/>
						<line number="2512" hits="0"/>
						<line number="2514" hits="1" branch="true" condition-coverage="50% (1/2)" missing-branches="2515"/>
						<line number="2515" hits="0"/>
						<line number="2516" hits="0"/>
						<line number="2517" hits="0"/>
						<line number="2518" hits="0" branch="true" condition-coverage="0% (0/2)" missing-branches="2519,2520"/>
						<line number="2519" hits="0"/>
						<line number="2520" hits="0" branch="true" condition-coverage="0% (0/2)" missing-branches="2521,2523"/>
						<line number="2521" hits="0"/>
						<line number="2523" hits="0"/>
						<line number="2524" hits="0" branch="true" condition-coverage="0% (0/2)" missing-branches="2525,2527"/>
						<line number="2525" hits="0"/>
						<line number="2527" hits="0"/>
						<line number="2528" hits="0"/>
						<line number="2529" hits="0" branch="true" condition-coverage="0% (0/2)" missing-branches="2530,2532"/>
						<line number="2530" hits="0"/>
						<line number="2531" hits="0"/>
						<line number="2532" hits="0" branch="true" condition-coverage="0% (0/2)" missing-branches="2533,2536"/>
						<line number="2533" hits="0"/>
						<line number="2534" hits="0"/>
						<line number="2536" hits="0"/>
						<line number="2537" hits="0"/>
						<line number="2538" hits="0"/>
						<line number="2539" hits="0"/>
						<line number="2540" hits="0"/>
						<line number="2541" hits="0" branch="true" condition-coverage="0% (0/2)" missing-branches="2542,2544"/>
						<line number="2542" hits="0"/>
						<line number="2544" hits="0"/>
						<line number="2545" hits="0"/>
						<line number="2546" hits="0"/>
						<line number="2547" hits="0"/>
						<line number="2548" hits="0"/>
						<line number="2549" hits="0"/>
						<line number="2550" hits="0" branch="true" condition-coverage="0% (0/2)" missing-branches="2551,2553"/>
						<line number="2551" hits="0"/>
						<line number="2553" hits="0" branch="true" condition-coverage="0% (0/2)" missing-branches="2554,2556"/>
						<line number="2554" hits="0"/>
						<line number="2556" hits="1"/>
						<line number="2557" hits="1"/>
						<line number="2558" hits="1"/>
						<line number="2559" hits="1"/>
						<line number="2560" hits="1"/>
						<line number="2561" hits="0"/>
						<line number="2562" hits="0"/>
						<line number="2564" hits="1"/>
						<line number="2566" hits="1"/>
						<line number="2567" hits="1" branch="true" condition-coverage="100% (2/2)"/>
						<line number="2568" hits="1"/>
						<line number="2570" hits="1"/>
						<line number="2571" hits="1"/>
						<line number="2573" hits="1" branch="true" condition-coverage="100% (2/2)"/>
						<line number="2574" hits="1"/>
						<line number="2575" hits="1"/>
						<line number="2576" hits="1"/>
						<line number="2579" hits="1"/>
						<line number="2580" hits="1"/>
						<line number="2582" hits="1" branch="true" condition-coverage="100% (2/2)"/>
						<line number="2583" hits="1" branch="true" condition-coverage="100% (2/2)"/>
						<line number="2584" hits="1"/>
						<line number="2585" hits="1"/>
						<line number="2586" hits="1" branch="true" condition-coverage="50% (1/2)" missing-branches="2589"/>
						<line number="2587" hits="1"/>
						<line number="2589" hits="0"/>
						<line number="2591" hits="1"/>
						<line number="2592" hits="1"/>
						<line number="2594" hits="1"/>
						<line number="2595" hits="1"/>
						<line number="2597" hits="1"/>
						<line number="2599" hits="1"/>
						<line number="2601" hits="1" branch="true" condition-coverage="50% (1/2)" missing-branches="2610"/>
						<line number="2602" hits="1"/>
						<line number="2610" hits="0"/>
						<line number="2613" hits="1"/>
					</lines>
				</class>
			</classes>
		</package>
		<package name="core" line-rate="0.7009" branch-rate="0.6245" complexity="0">
			<classes>
				<class name="cleanup.py" filename="core/cleanup.py" complexity="0" line-rate="0.7055" branch-rate="0.6458">
					<methods/>
					<lines>
						<line number="304" hits="1"/>
						<line number="305" hits="1"/>
						<line number="306" hits="1"/>
						<line number="307" hits="1"/>
						<line number="308" hits="1"/>
						<line number="309" hits="1"/>
						<line number="310" hits="1"/>
						<line number="312" hits="1"/>
						<line number="317" hits="1"/>
						<line number="318" hits="1"/>
						<line number="319" hits="1"/>
						<line number="323" hits="1"/>
						<line number="324" hits="1"/>
						<line number="326" hits="1"/>
						<line number="327" hits="1"/>
						<line number="329" hits="1"/>
						<line number="330" hits="1"/>
						<line number="335" hits="1"/>
						<line number="342" hits="1" branch="true" condition-coverage="50% (1/2)" missing-branches="343"/>
						<line number="343" hits="0"/>
						<line number="344" hits="0"/>
						<line number="346" hits="1"/>
						<line number="347" hits="1" branch="true" condition-coverage="100% (2/2)"/>
						<line number="348" hits="1"/>
						<line number="349" hits="1" branch="true" condition-coverage="100% (2/2)"/>
						<line number="354" hits="1"/>
						<line number="355" hits="1"/>
						<line number="361" hits="1"/>
						<line number="370" hits="1"/>
						<line number="371" hits="1" branch="true" condition-coverage="100% (2/2)"/>
						<line number="372" hits="1"/>
						<line number="373" hits="1"/>
						<line number="374" hits="1" branch="true" condition-coverage="100% (2/2)"/>
						<line number="375" hits="1"/>
						<line number="376" hits="1" branch="true" condition-coverage="100% (2/2)"/>
						<line number="377" hits="1"/>
						<line number="378" hits="1" branch="true" condition-coverage="50% (1/2)" missing-branches="380"/>
						<line number="379" hits="1"/>
						<line number="380" hits="1"/>
						<line number="381" hits="1"/>
						<line number="387" hits="1"/>
						<line number="395" hits="1" branch="true" condition-coverage="50% (1/2)" missing-branches="396"/>
						<line number="396" hits="0"/>
						<line number="398" hits="1"/>
						<line number="399" hits="1"/>
						<line number="400" hits="1"/>
						<line number="401" hits="1"/>
						<line number="403" hits="1"/>
						<line number="405" hits="1" branch="true" condition-coverage="100% (2/2)"/>
						<line number="406" hits="1"/>
						<line number="408" hits="1"/>
						<line number="409" hits="1"/>
						<line number="411" hits="1"/>
						<line number="413" hits="1" branch="true" condition-coverage="100% (2/2)"/>
						<line number="415" hits="1" branch="true" condition-coverage="100% (2/2)"/>
						<line number="416" hits="1"/>
						<line number="419" hits="1" branch="true" condition-coverage="100% (2/2)"/>
						<line number="420" hits="1"/>
						<line number="421" hits="1"/>
						<line number="422" hits="0"/>
						<line number="423" hits="0"/>
						<line number="425" hits="1"/>
						<line number="427" hits="1"/>
						<line number="428" hits="1"/>
						<line number="429" hits="0"/>
						<line number="430" hits="0"/>
						<line number="432" hits="1" branch="true" condition-coverage="50% (1/2)" missing-branches="447"/>
						<line number="433" hits="1"/>
						<line number="435" hits="1"/>
						<line number="436" hits="1"/>
						<line number="437" hits="1"/>
						<line number="438" hits="0"/>
						<line number="439" hits="0"/>
						<line number="441" hits="1"/>
						<line number="442" hits="1"/>
						<line number="443" hits="1"/>
						<line number="444" hits="0"/>
						<line number="445" hits="0"/>
						<line number="447" hits="1"/>
						<line number="450" hits="1"/>
						<line number="451" hits="1"/>
						<line number="453" hits="1" branch="true" condition-coverage="50% (1/2)" missing-branches="454"/>
						<line number="454" hits="0"/>
						<line number="456" hits="1"/>
						<line number="457" hits="1"/>
						<line number="458" hits="0"/>
						<line number="459" hits="0"/>
						<line number="461" hits="1" branch="true" condition-coverage="100% (2/2)"/>
						<line number="462" hits="1"/>
						<line number="466" hits="1"/>
						<line number="467" hits="1"/>
						<line number="468" hits="1"/>
						<line number="469" hits="0"/>
						<line number="470" hits="0"/>
						<line number="473" hits="1"/>
						<line number="474" hits="1"/>
						<line number="475" hits="1"/>
						<line number="476" hits="0"/>
						<line number="477" hits="0"/>
						<line number="479" hits="1"/>
						<line number="485" hits="1"/>
						<line number="486" hits="0"/>
						<line number="488" hits="0"/>
						<line number="489" hits="0"/>
						<line number="490" hits="0"/>
						<line number="492" hits="0" branch="true" condition-coverage="0% (0/2)" missing-branches="493,496"/>
						<line number="493" hits="0"/>
						<line number="494" hits="0"/>
						<line number="496" hits="0"/>
						<line number="498" hits="0"/>
						<line number="499" hits="0"/>
						<line number="505" hits="1"/>
						<line number="511" hits="1"/>
						<line number="512" hits="1"/>
						<line number="514" hits="1"/>
						<line number="515" hits="1"/>
						<line number="516" hits="1"/>
						<line number="518" hits="1"/>
						<line number="519" hits="1" branch="true" condition-coverage="50% (1/2)" missing-branches="exit"/>
						<line number="520" hits="1"/>
						<line number="521" hits="1"/>
						<line number="522" hits="0"/>
						<line number="523" hits="0"/>
						<line number="524" hits="1"/>
						<line number="525" hits="1"/>
						<line number="526" hits="0"/>
						<line number="527" hits="0"/>
						<line number="529" hits="1"/>
						<line number="530" hits="1"/>
						<line number="531" hits="1"/>
						<line number="535" hits="1" branch="true" condition-coverage="50% (1/2)" missing-branches="546"/>
						<line number="536" hits="1" branch="true" condition-coverage="100% (2/2)"/>
						<line number="537" hits="1"/>
						<line number="538" hits="1"/>
						<line number="539" hits="0"/>
						<line number="540" hits="0"/>
						<line number="541" hits="1"/>
						<line number="542" hits="1"/>
						<line number="543" hits="0"/>
						<line number="544" hits="0"/>
						<line number="546" hits="1"/>
						<line number="552" hits="1"/>
						<line number="553" hits="1"/>
						<line number="554" hits="1"/>
						<line number="563" hits="1"/>
						<line number="564" hits="1" branch="true" condition-coverage="50% (1/2)" missing-branches="565"/>
						<line number="565" hits="0" branch="true" condition-coverage="0% (0/2)" missing-branches="exit,566"/>
						<line number="566" hits="0"/>
						<line number="567" hits="0"/>
						<line number="569" hits="0"/>
						<line number="570" hits="0"/>
						<line number="571" hits="0"/>
						<line number="577" hits="1"/>
						<line number="578" hits="1"/>
						<line number="579" hits="1"/>
						<line number="584" hits="1"/>
						<line number="585" hits="1" branch="true" condition-coverage="50% (1/2)" missing-branches="586"/>
						<line number="586" hits="0" branch="true" condition-coverage="0% (0/2)" missing-branches="exit,587"/>
						<line number="587" hits="0"/>
						<line number="588" hits="0"/>
						<line number="592" hits="0" branch="true" condition-coverage="0% (0/2)" missing-branches="593,595"/>
						<line number="593" hits="0"/>
						<line number="595" hits="0"/>
					</lines>
				</class>
				<class name="config.py" filename="core/config.py" complexity="0" line-rate="0.8393" branch-rate="0.75">
					<methods/>
					<lines>
						<line number="154" hits="1"/>
						<line number="157" hits="1"/>
						<line number="158" hits="1"/>
						<line number="159" hits="1"/>
						<line number="160" hits="0"/>
						<line number="161" hits="0"/>
						<line number="165" hits="1"/>
						<line number="166" hits="1"/>
						<line number="167" hits="0"/>
						<line number="168" hits="0"/>
						<line number="172" hits="1"/>
						<line number="173" hits="1" branch="true" condition-coverage="50% (1/2)" missing-branches="178"/>
						<line number="174" hits="1"/>
						<line number="175" hits="1"/>
						<line number="176" hits="0"/>
						<line number="177" hits="0"/>
						<line number="178" hits="0"/>
						<line number="180" hits="1"/>
						<line number="181" hits="1"/>
						<line number="184" hits="1"/>
						<line number="185" hits="1"/>
						<line number="186" hits="1"/>
						<line number="187" hits="1" branch="true" condition-coverage="100% (2/2)"/>
						<line number="188" hits="1"/>
						<line number="189" hits="1"/>
						<line number="190" hits="1"/>
						<line number="191" hits="1"/>
						<line number="195" hits="1"/>
						<line number="200" hits="1"/>
						<line number="202" hits="1"/>
						<line number="208" hits="1"/>
						<line number="209" hits="1"/>
						<line number="213" hits="1"/>
						<line number="220" hits="1"/>
						<line number="224" hits="1"/>
						<line number="225" hits="1"/>
						<line number="226" hits="1"/>
						<line number="227" hits="1"/>
						<line number="228" hits="1"/>
						<line number="232" hits="1"/>
						<line number="233" hits="1"/>
						<line number="237" hits="1"/>
						<line number="243" hits="1" branch="true" condition-coverage="100% (2/2)"/>
						<line number="244" hits="1" branch="true" condition-coverage="50% (1/2)" missing-branches="246"/>
						<line number="245" hits="1"/>
						<line number="246" hits="1"/>
						<line number="250" hits="1"/>
						<line number="257" hits="1"/>
						<line number="258" hits="1"/>
						<line number="259" hits="1"/>
						<line number="261" hits="1" branch="true" condition-coverage="100% (2/2)"/>
						<line number="262" hits="1"/>
						<line number="264" hits="1" branch="true" condition-coverage="50% (1/2)" missing-branches="exit"/>
						<line number="265" hits="1"/>
						<line number="267" hits="0"/>
						<line number="268" hits="0"/>
					</lines>
				</class>
				<class name="fetch_iam.py" filename="core/fetch_iam.py" complexity="0" line-rate="0.5201" branch-rate="0.4583">
					<methods/>
					<lines>
						<line number="701" hits="1"/>
						<line number="702" hits="1"/>
						<line number="703" hits="1"/>
						<line number="704" hits="1"/>
						<line number="705" hits="1"/>
						<line number="706" hits="1"/>
						<line number="707" hits="1"/>
						<line number="708" hits="1"/>
						<line number="710" hits="1"/>
						<line number="711" hits="1"/>
						<line number="712" hits="1"/>
						<line number="714" hits="1"/>
						<line number="715" hits="1"/>
						<line number="716" hits="1" branch="true" condition-coverage="50% (1/2)" missing-branches="722"/>
						<line number="717" hits="1"/>
						<line number="718" hits="1"/>
						<line number="719" hits="1"/>
						<line number="722" hits="1"/>
						<line number="723" hits="1"/>
						<line number="727" hits="1"/>
						<line number="728" hits="1" branch="true" condition-coverage="100% (2/2)"/>
						<line number="729" hits="1"/>
						<line number="730" hits="1" branch="true" condition-coverage="100% (2/2)"/>
						<line number="731" hits="1"/>
						<line number="732" hits="1"/>
						<line number="735" hits="1"/>
						<line number="736" hits="1"/>
						<line number="739" hits="1"/>
						<line number="740" hits="1" branch="true" condition-coverage="50% (1/2)" missing-branches="741"/>
						<line number="741" hits="0"/>
						<line number="742" hits="1"/>
						<line number="743" hits="1"/>
						<line number="746" hits="1"/>
						<line number="752" hits="1" branch="true" condition-coverage="50% (1/2)" missing-branches="753"/>
						<line number="753" hits="0"/>
						<line number="755" hits="1"/>
						<line number="756" hits="1"/>
						<line number="757" hits="1"/>
						<line number="759" hits="1"/>
						<line number="761" hits="1" branch="true" condition-coverage="100% (2/2)"/>
						<line number="762" hits="1"/>
						<line number="763" hits="1" branch="true" condition-coverage="100% (2/2)"/>
						<line number="764" hits="1"/>
						<line number="766" hits="1"/>
						<line number="767" hits="1"/>
						<line number="768" hits="1"/>
						<line number="771" hits="1"/>
						<line number="772" hits="1" branch="true" condition-coverage="50% (1/2)" missing-branches="773"/>
						<line number="773" hits="0"/>
						<line number="776" hits="1" branch="true" condition-coverage="100% (2/2)"/>
						<line number="777" hits="1" branch="true" condition-coverage="50% (1/2)" missing-branches="781"/>
						<line number="778" hits="1"/>
						<line number="779" hits="1"/>
						<line number="781" hits="0"/>
						<line number="782" hits="0"/>
						<line number="785" hits="1"/>
						<line number="798" hits="1" branch="true" condition-coverage="100% (2/2)"/>
						<line number="799" hits="1"/>
						<line number="800" hits="1" branch="true" condition-coverage="50% (1/2)" missing-branches="801"/>
						<line number="801" hits="0"/>
						<line number="802" hits="0"/>
						<line number="803" hits="0"/>
						<line number="806" hits="1"/>
						<line number="807" hits="1"/>
						<line number="808" hits="1" branch="true" condition-coverage="100% (2/2)"/>
						<line number="809" hits="1"/>
						<line number="810" hits="1"/>
						<line number="813" hits="1" branch="true" condition-coverage="50% (1/2)" missing-branches="814"/>
						<line number="814" hits="0" branch="true" condition-coverage="0% (0/2)" missing-branches="815,818"/>
						<line number="815" hits="0"/>
						<line number="816" hits="0"/>
						<line number="818" hits="0"/>
						<line number="819" hits="0"/>
						<line number="822" hits="1" branch="true" condition-coverage="50% (1/2)" missing-branches="827"/>
						<line number="823" hits="1"/>
						<line number="824" hits="1"/>
						<line number="827" hits="1" branch="true" condition-coverage="50% (1/2)" missing-branches="828"/>
						<line number="828" hits="0"/>
						<line number="829" hits="0"/>
						<line number="832" hits="1"/>
						<line number="833" hits="1"/>
						<line number="835" hits="1"/>
						<line number="844" hits="1"/>
						<line number="845" hits="1"/>
						<line number="846" hits="1"/>
						<line number="847" hits="1"/>
						<line number="848" hits="1"/>
						<line number="849" hits="1"/>
						<line number="850" hits="1"/>
						<line number="851" hits="1"/>
						<line number="854" hits="1"/>
						<line number="862" hits="1" branch="true" condition-coverage="50% (1/2)" missing-branches="863"/>
						<line number="863" hits="0"/>
						<line number="866" hits="1"/>
						<line number="867" hits="1" branch="true" condition-coverage="50% (1/2)" missing-branches="869"/>
						<line number="868" hits="1"/>
						<line number="869" hits="1" branch="true" condition-coverage="100% (2/2)"/>
						<line number="870" hits="1"/>
						<line number="873" hits="1" branch="true" condition-coverage="50% (1/2)" missing-branches="874"/>
						<line number="874" hits="0"/>
						<line number="876" hits="1"/>
						<line number="877" hits="1" branch="true" condition-coverage="100% (2/2)"/>
						<line number="878" hits="1"/>
						<line number="880" hits="1"/>
						<line number="881" hits="1" branch="true" condition-coverage="50% (1/2)" missing-branches="883"/>
						<line number="882" hits="1"/>
						<line number="883" hits="0" branch="true" condition-coverage="0% (0/2)" missing-branches="884,889"/>
						<line number="884" hits="0"/>
						<line number="885" hits="1"/>
						<line number="886" hits="1"/>
						<line number="889" hits="1"/>
						<line number="890" hits="1" branch="true" condition-coverage="100% (2/2)"/>
						<line number="891" hits="1"/>
						<line number="892" hits="0"/>
						<line number="893" hits="0"/>
						<line number="894" hits="0"/>
						<line number="895" hits="0"/>
						<line number="897" hits="1" branch="true" condition-coverage="50% (1/2)" missing-branches="898"/>
						<line number="898" hits="0"/>
						<line number="899" hits="1"/>
						<line number="903" hits="1"/>
						<line number="904" hits="1"/>
						<line number="905" hits="1" branch="true" condition-coverage="100% (2/2)"/>
						<line number="906" hits="1"/>
						<line number="907" hits="1" branch="true" condition-coverage="50% (1/2)" missing-branches="905"/>
						<line number="908" hits="1"/>
						<line number="909" hits="1"/>
						<line number="912" hits="1"/>
						<line number="913" hits="1"/>
						<line number="914" hits="1"/>
						<line number="915" hits="0"/>
						<line number="916" hits="0"/>
						<line number="919" hits="1"/>
						<line number="920" hits="1"/>
						<line number="921" hits="1"/>
						<line number="922" hits="1"/>
						<line number="923" hits="1"/>
						<line number="924" hits="1"/>
						<line number="925" hits="1"/>
						<line number="926" hits="1" branch="true" condition-coverage="100% (2/2)"/>
						<line number="927" hits="1" branch="true" condition-coverage="50% (1/2)" missing-branches="928"/>
						<line number="928" hits="0"/>
						<line number="929" hits="0"/>
						<line number="930" hits="0" branch="true" condition-coverage="0% (0/2)" missing-branches="931,933"/>
						<line number="931" hits="0" branch="true" condition-coverage="0% (0/2)" missing-branches="930,932"/>
						<line number="932" hits="0"/>
						<line number="933" hits="0"/>
						<line number="934" hits="1"/>
						<line number="937" hits="1"/>
						<line number="938" hits="1" branch="true" condition-coverage="100% (2/2)"/>
						<line number="939" hits="1" branch="true" condition-coverage="100% (2/2)"/>
						<line number="940" hits="1"/>
						<line number="941" hits="1" branch="true" condition-coverage="50% (1/2)" missing-branches="939"/>
						<line number="942" hits="1"/>
						<line number="943" hits="1" branch="true" condition-coverage="100% (2/2)"/>
						<line number="944" hits="1"/>
						<line number="945" hits="1" branch="true" condition-coverage="50% (1/2)" missing-branches="943"/>
						<line number="946" hits="1"/>
						<line number="950" hits="1"/>
						<line number="951" hits="1"/>
						<line number="955" hits="0"/>
						<line number="956" hits="0" branch="true" condition-coverage="0% (0/2)" missing-branches="957,958"/>
						<line number="957" hits="0"/>
						<line number="958" hits="0" branch="true" condition-coverage="0% (0/2)" missing-branches="959,963"/>
						<line number="959" hits="0"/>
						<line number="960" hits="0"/>
						<line number="961" hits="0" branch="true" condition-coverage="0% (0/2)" missing-branches="962,963"/>
						<line number="962" hits="0"/>
						<line number="963" hits="0" branch="true" condition-coverage="0% (0/2)" missing-branches="964,965"/>
						<line number="964" hits="0"/>
						<line number="965" hits="0"/>
						<line number="966" hits="0"/>
						<line number="967" hits="0"/>
						<line number="968" hits="0"/>
						<line number="969" hits="0"/>
						<line number="971" hits="1"/>
						<line number="975" hits="1" branch="true" condition-coverage="50% (1/2)" missing-branches="976"/>
						<line number="976" hits="0"/>
						<line number="978" hits="1"/>
						<line number="979" hits="1"/>
						<line number="980" hits="1"/>
						<line number="982" hits="1" branch="true" condition-coverage="100% (2/2)"/>
						<line number="983" hits="1"/>
						<line number="984" hits="1" branch="true" condition-coverage="50% (1/2)" missing-branches="985"/>
						<line number="985" hits="0"/>
						<line number="987" hits="1"/>
						<line number="988" hits="1"/>
						<line number="991" hits="1" branch="true" condition-coverage="100% (2/2)"/>
						<line number="992" hits="1" branch="true" condition-coverage="50% (1/2)" missing-branches="996"/>
						<line number="993" hits="1"/>
						<line number="994" hits="1"/>
						<line number="996" hits="0"/>
						<line number="997" hits="0"/>
						<line number="1000" hits="1" branch="true" condition-coverage="100% (2/2)"/>
						<line number="1001" hits="1"/>
						<line number="1002" hits="1" branch="true" condition-coverage="100% (2/2)"/>
						<line number="1003" hits="1" branch="true" condition-coverage="100% (2/2)"/>
						<line number="1004" hits="1"/>
						<line number="1005" hits="1" branch="true" condition-coverage="50% (1/2)" missing-branches="1002"/>
						<line number="1006" hits="1"/>
						<line number="1007" hits="1"/>
						<line number="1009" hits="1"/>
						<line number="1010" hits="1"/>
						<line number="1016" hits="1"/>
						<line number="1022" hits="0"/>
						<line number="1025" hits="0"/>
						<line number="1026" hits="0"/>
						<line number="1027" hits="0" branch="true" condition-coverage="0% (0/2)" missing-branches="1028,1054"/>
						<line number="1028" hits="0" branch="true" condition-coverage="0% (0/2)" missing-branches="1027,1029"/>
						<line number="1029" hits="0"/>
						<line number="1036" hits="0" branch="true" condition-coverage="0% (0/2)" missing-branches="1037,1049"/>
						<line number="1037" hits="0"/>
						<line number="1038" hits="0"/>
						<line number="1039" hits="0"/>
						<line number="1040" hits="0"/>
						<line number="1041" hits="0"/>
						<line number="1042" hits="0"/>
						<line number="1043" hits="0"/>
						<line number="1044" hits="0"/>
						<line number="1045" hits="0"/>
						<line number="1046" hits="0"/>
						<line number="1047" hits="0"/>
						<line number="1048" hits="0"/>
						<line number="1049" hits="0"/>
						<line number="1050" hits="0"/>
						<line number="1051" hits="0"/>
						<line number="1054" hits="0"/>
						<line number="1055" hits="0"/>
						<line number="1056" hits="0" branch="true" condition-coverage="0% (0/2)" missing-branches="1057,1078"/>
						<line number="1057" hits="0" branch="true" condition-coverage="0% (0/2)" missing-branches="1056,1058"/>
						<line number="1058" hits="0"/>
						<line number="1064" hits="0" branch="true" condition-coverage="0% (0/2)" missing-branches="1065,1073"/>
						<line number="1065" hits="0"/>
						<line number="1066" hits="0"/>
						<line number="1067" hits="0"/>
						<line number="1068" hits="0"/>
						<line number="1069" hits="0"/>
						<line number="1070" hits="0"/>
						<line number="1071" hits="0"/>
						<line number="1072" hits="0"/>
						<line number="1073" hits="0"/>
						<line number="1074" hits="0"/>
						<line number="1075" hits="0"/>
						<line number="1078" hits="0"/>
						<line number="1079" hits="0"/>
						<line number="1080" hits="0" branch="true" condition-coverage="0% (0/2)" missing-branches="1081,1140"/>
						<line number="1081" hits="0" branch="true" condition-coverage="0% (0/2)" missing-branches="1080,1082"/>
						<line number="1082" hits="0"/>
						<line number="1083" hits="0"/>
						<line number="1084" hits="0"/>
						<line number="1087" hits="0"/>
						<line number="1088" hits="0"/>
						<line number="1089" hits="0"/>
						<line number="1090" hits="0" branch="true" condition-coverage="0% (0/2)" missing-branches="1091,1092"/>
						<line number="1091" hits="0"/>
						<line number="1092" hits="0" branch="true" condition-coverage="0% (0/2)" missing-branches="1093,1107"/>
						<line number="1093" hits="0"/>
						<line number="1094" hits="0" branch="true" condition-coverage="0% (0/2)" missing-branches="1095,1102"/>
						<line number="1095" hits="0" branch="true" condition-coverage="0% (0/2)" missing-branches="1092,1096"/>
						<line number="1096" hits="0"/>
						<line number="1097" hits="0" branch="true" condition-coverage="0% (0/2)" missing-branches="1095,1098"/>
						<line number="1098" hits="0" branch="true" condition-coverage="0% (0/2)" missing-branches="1099,1100"/>
						<line number="1099" hits="0"/>
						<line number="1100" hits="0" branch="true" condition-coverage="0% (0/2)" missing-branches="1095,1101"/>
						<line number="1101" hits="0"/>
						<line number="1102" hits="0" branch="true" condition-coverage="0% (0/2)" missing-branches="1092,1103"/>
						<line number="1103" hits="0"/>
						<line number="1104" hits="0"/>
						<line number="1105" hits="0"/>
						<line number="1107" hits="0"/>
						<line number="1120" hits="0"/>
						<line number="1121" hits="0"/>
						<line number="1122" hits="0"/>
						<line number="1123" hits="0"/>
						<line number="1125" hits="0" branch="true" condition-coverage="0% (0/2)" missing-branches="1126,1135"/>
						<line number="1126" hits="0"/>
						<line number="1127" hits="0"/>
						<line number="1128" hits="0"/>
						<line number="1129" hits="0"/>
						<line number="1130" hits="0"/>
						<line number="1131" hits="0"/>
						<line number="1132" hits="0"/>
						<line number="1133" hits="0"/>
						<line number="1135" hits="0"/>
						<line number="1136" hits="0"/>
						<line number="1137" hits="0"/>
						<line number="1140" hits="0"/>
						<line number="1141" hits="0"/>
						<line number="1142" hits="0" branch="true" condition-coverage="0% (0/2)" missing-branches="1143,1186"/>
						<line number="1143" hits="0" branch="true" condition-coverage="0% (0/2)" missing-branches="1142,1144"/>
						<line number="1144" hits="0"/>
						<line number="1145" hits="0"/>
						<line number="1147" hits="0"/>
						<line number="1157" hits="0" branch="true" condition-coverage="0% (0/2)" missing-branches="1158,1182"/>
						<line number="1158" hits="0"/>
						<line number="1159" hits="0"/>
						<line number="1163" hits="0"/>
						<line number="1166" hits="0" branch="true" condition-coverage="0% (0/2)" missing-branches="1167,1170"/>
						<line number="1167" hits="0"/>
						<line number="1168" hits="0"/>
						<line number="1170" hits="0"/>
						<line number="1172" hits="0"/>
						<line number="1173" hits="0"/>
						<line number="1179" hits="0"/>
						<line number="1180" hits="0"/>
						<line number="1182" hits="0"/>
						<line number="1183" hits="0"/>
						<line number="1184" hits="0"/>
						<line number="1186" hits="0"/>
						<line number="1189" hits="1"/>
						<line number="1213" hits="1"/>
						<line number="1214" hits="1"/>
						<line number="1215" hits="1"/>
						<line number="1218" hits="1"/>
						<line number="1219" hits="1" branch="true" condition-coverage="50% (1/2)" missing-branches="1221"/>
						<line number="1220" hits="1"/>
						<line number="1221" hits="1" branch="true" condition-coverage="50% (1/2)" missing-branches="1222"/>
						<line number="1222" hits="0"/>
						<line number="1224" hits="1" branch="true" condition-coverage="100% (2/2)"/>
						<line number="1226" hits="1" branch="true" condition-coverage="50% (1/2)" missing-branches="1237"/>
						<line number="1227" hits="1"/>
						<line number="1228" hits="1"/>
						<line number="1229" hits="1" branch="true" condition-coverage="50% (1/2)" missing-branches="1226"/>
						<line number="1230" hits="1"/>
						<line number="1231" hits="1"/>
						<line number="1232" hits="0"/>
						<line number="1233" hits="0"/>
						<line number="1237" hits="1" branch="true" condition-coverage="50% (1/2)" missing-branches="1238"/>
						<line number="1238" hits="0"/>
						<line number="1241" hits="1"/>
						<line number="1244" hits="1" branch="true" condition-coverage="50% (1/2)" missing-branches="1245"/>
						<line number="1245" hits="0"/>
						<line number="1247" hits="1"/>
						<line number="1249" hits="1"/>
						<line number="1257" hits="1"/>
						<line number="1258" hits="1"/>
						<line number="1259" hits="1" branch="true" condition-coverage="50% (1/2)" missing-branches="1261"/>
						<line number="1260" hits="1"/>
						<line number="1261" hits="1" branch="true" condition-coverage="50% (1/2)" missing-branches="1262"/>
						<line number="1262" hits="0"/>
						<line number="1263" hits="1" branch="true" condition-coverage="100% (2/2)"/>
						<line number="1264" hits="1"/>
						<line number="1265" hits="1" branch="true" condition-coverage="100% (2/2)"/>
						<line number="1266" hits="1"/>
						<line number="1268" hits="1"/>
						<line number="1269" hits="1" branch="true" condition-coverage="100% (2/2)"/>
						<line number="1270" hits="1"/>
						<line number="1272" hits="1"/>
						<line number="1273" hits="1"/>
						<line number="1275" hits="1"/>
						<line number="1276" hits="1"/>
						<line number="1277" hits="1"/>
						<line number="1278" hits="1"/>
						<line number="1279" hits="0"/>
						<line number="1280" hits="0"/>
						<line number="1281" hits="0"/>
						<line number="1282" hits="0"/>
						<line number="1283" hits="0"/>
						<line number="1284" hits="0"/>
						<line number="1285" hits="0" branch="true" condition-coverage="0% (0/2)" missing-branches="1286,1287"/>
						<line number="1286" hits="0"/>
						<line number="1287" hits="0"/>
						<line number="1290" hits="1"/>
						<line number="1291" hits="1"/>
						<line number="1292" hits="0"/>
						<line number="1293" hits="0"/>
						<line number="1294" hits="0"/>
						<line number="1295" hits="0"/>
						<line number="1298" hits="1"/>
						<line number="1310" hits="1"/>
						<line number="1313" hits="1" branch="true" condition-coverage="100% (2/2)"/>
						<line number="1314" hits="1"/>
						<line number="1315" hits="1" branch="true" condition-coverage="50% (1/2)" missing-branches="1316"/>
						<line number="1316" hits="0" branch="true" condition-coverage="0% (0/2)" missing-branches="1317,1323"/>
						<line number="1317" hits="0" branch="true" condition-coverage="0% (0/2)" missing-branches="1316,1318"/>
						<line number="1318" hits="0"/>
						<line number="1319" hits="0"/>
						<line number="1321" hits="1"/>
						<line number="1323" hits="1" branch="true" condition-coverage="50% (1/2)" missing-branches="1331"/>
						<line number="1324" hits="1"/>
						<line number="1331" hits="0"/>
						<line number="1338" hits="1"/>
						<line number="1345" hits="1"/>
						<line number="1347" hits="1"/>
						<line number="1352" hits="1"/>
						<line number="1353" hits="1"/>
						<line number="1355" hits="1"/>
						<line number="1356" hits="1"/>
						<line number="1357" hits="1"/>
						<line number="1359" hits="1"/>
						<line number="1362" hits="1" branch="true" condition-coverage="50% (1/2)" missing-branches="1371"/>
						<line number="1363" hits="1"/>
						<line number="1364" hits="1"/>
						<line number="1365" hits="1"/>
						<line number="1366" hits="1"/>
						<line number="1367" hits="1"/>
						<line number="1368" hits="1"/>
						<line number="1369" hits="1"/>
						<line number="1371" hits="1" branch="true" condition-coverage="50% (1/2)" missing-branches="1372"/>
						<line number="1372" hits="0"/>
						<line number="1375" hits="1" branch="true" condition-coverage="50% (1/2)" missing-branches="1376"/>
						<line number="1376" hits="0"/>
						<line number="1377" hits="0" branch="true" condition-coverage="0% (0/2)" missing-branches="1378,1383"/>
						<line number="1378" hits="0"/>
						<line number="1379" hits="0"/>
						<line number="1380" hits="0"/>
						<line number="1381" hits="0"/>
						<line number="1382" hits="0"/>
						<line number="1383" hits="0"/>
						<line number="1385" hits="0"/>
						<line number="1386" hits="0"/>
						<line number="1387" hits="0" branch="true" condition-coverage="0% (0/2)" missing-branches="1388,1393"/>
						<line number="1388" hits="0"/>
						<line number="1389" hits="0"/>
						<line number="1390" hits="0"/>
						<line number="1391" hits="0"/>
						<line number="1392" hits="0"/>
						<line number="1393" hits="0"/>
						<line number="1394" hits="0"/>
						<line number="1397" hits="1"/>
						<line number="1398" hits="1" branch="true" condition-coverage="100% (2/2)"/>
						<line number="1400" hits="1"/>
						<line number="1401" hits="1"/>
						<line number="1404" hits="1"/>
						<line number="1405" hits="1"/>
						<line number="1406" hits="1"/>
						<line number="1407" hits="1"/>
						<line number="1408" hits="1"/>
						<line number="1409" hits="0"/>
						<line number="1410" hits="0"/>
						<line number="1411" hits="0"/>
						<line number="1414" hits="1"/>
						<line number="1416" hits="1"/>
						<line number="1417" hits="0"/>
						<line number="1418" hits="0"/>
						<line number="1420" hits="1"/>
						<line number="1424" hits="1" branch="true" condition-coverage="50% (1/2)" missing-branches="1425"/>
						<line number="1425" hits="0"/>
						<line number="1426" hits="0"/>
						<line number="1427" hits="0"/>
						<line number="1428" hits="0"/>
						<line number="1429" hits="0"/>
						<line number="1430" hits="0"/>
						<line number="1431" hits="0"/>
						<line number="1432" hits="0"/>
						<line number="1433" hits="0"/>
						<line number="1435" hits="0"/>
						<line number="1444" hits="0"/>
					</lines>
				</class>
				<class name="graph_builder.py" filename="core/graph_builder.py" complexity="0" line-rate="0.8278" branch-rate="0.7314">
					<methods/>
					<lines>
						<line number="2145" hits="1"/>
						<line number="2146" hits="1"/>
						<line number="2147" hits="1"/>
						<line number="2148" hits="1"/>
						<line number="2149" hits="1"/>
						<line number="2150" hits="1"/>
						<line number="2151" hits="1"/>
						<line number="2152" hits="1"/>
						<line number="2153" hits="1"/>
						<line number="2155" hits="1"/>
						<line number="2156" hits="1"/>
						<line number="2157" hits="1"/>
						<line number="2158" hits="1" branch="true" condition-coverage="50% (1/2)" missing-branches="2163"/>
						<line number="2159" hits="1"/>
						<line number="2160" hits="1"/>
						<line number="2161" hits="1"/>
						<line number="2163" hits="1"/>
						<line number="2171" hits="1"/>
						<line number="2172" hits="1"/>
						<line number="2173" hits="1"/>
						<line number="2175" hits="1"/>
						<line number="2176" hits="1"/>
						<line number="2177" hits="1"/>
						<line number="2179" hits="1"/>
						<line number="2185" hits="1"/>
						<line number="2221" hits="1"/>
						<line number="2231" hits="1"/>
						<line number="2237" hits="1"/>
						<line number="2241" hits="1"/>
						<line number="2246" hits="1" branch="true" condition-coverage="100% (2/2)"/>
						<line number="2247" hits="1"/>
						<line number="2249" hits="1"/>
						<line number="2250" hits="1" branch="true" condition-coverage="50% (1/2)" missing-branches="2252"/>
						<line number="2251" hits="1"/>
						<line number="2252" hits="0" branch="true" condition-coverage="0% (0/2)" missing-branches="2253,2257"/>
						<line number="2253" hits="0"/>
						<line number="2254" hits="1"/>
						<line number="2255" hits="1"/>
						<line number="2257" hits="1"/>
						<line number="2258" hits="1"/>
						<line number="2260" hits="1"/>
						<line number="2261" hits="1" branch="true" condition-coverage="50% (1/2)" missing-branches="2262"/>
						<line number="2262" hits="0"/>
						<line number="2263" hits="1" branch="true" condition-coverage="100% (2/2)"/>
						<line number="2264" hits="1"/>
						<line number="2265" hits="1"/>
						<line number="2266" hits="1"/>
						<line number="2273" hits="1"/>
						<line number="2274" hits="1" branch="true" condition-coverage="50% (1/2)" missing-branches="2275"/>
						<line number="2275" hits="0"/>
						<line number="2276" hits="1"/>
						<line number="2277" hits="1" branch="true" condition-coverage="50% (1/2)" missing-branches="2278"/>
						<line number="2278" hits="0"/>
						<line number="2279" hits="1" branch="true" condition-coverage="100% (2/2)"/>
						<line number="2280" hits="1"/>
						<line number="2281" hits="1"/>
						<line number="2282" hits="1"/>
						<line number="2283" hits="1" branch="true" condition-coverage="100% (2/2)"/>
						<line number="2284" hits="1" branch="true" condition-coverage="50% (1/2)" missing-branches="2285"/>
						<line number="2285" hits="0"/>
						<line number="2286" hits="1"/>
						<line number="2287" hits="1" branch="true" condition-coverage="100% (2/2)"/>
						<line number="2288" hits="1"/>
						<line number="2289" hits="1" branch="true" condition-coverage="100% (2/2)"/>
						<line number="2290" hits="1"/>
						<line number="2291" hits="1" branch="true" condition-coverage="100% (2/2)"/>
						<line number="2292" hits="1" branch="true" condition-coverage="50% (1/2)" missing-branches="2291"/>
						<line number="2293" hits="1"/>
						<line number="2294" hits="1"/>
						<line number="2296" hits="1"/>
						<line number="2297" hits="1"/>
						<line number="2298" hits="1"/>
						<line number="2299" hits="1" branch="true" condition-coverage="100% (2/2)"/>
						<line number="2300" hits="1"/>
						<line number="2302" hits="1" branch="true" condition-coverage="100% (2/2)"/>
						<line number="2304" hits="1" branch="true" condition-coverage="50% (1/2)" missing-branches="2306"/>
						<line number="2305" hits="1"/>
						<line number="2306" hits="1"/>
						<line number="2307" hits="1"/>
						<line number="2308" hits="1"/>
						<line number="2309" hits="1" branch="true" condition-coverage="50% (1/2)" missing-branches="2310"/>
						<line number="2310" hits="0"/>
						<line number="2311" hits="1" branch="true" condition-coverage="100% (2/2)"/>
						<line number="2312" hits="1" branch="true" condition-coverage="100% (2/2)"/>
						<line number="2313" hits="1"/>
						<line number="2314" hits="1" branch="true" condition-coverage="100% (2/2)"/>
						<line number="2315" hits="1"/>
						<line number="2316" hits="1"/>
						<line number="2318" hits="1"/>
						<line number="2320" hits="1"/>
						<line number="2321" hits="1"/>
						<line number="2322" hits="1" branch="true" condition-coverage="100% (2/2)"/>
						<line number="2324" hits="1"/>
						<line number="2325" hits="1" branch="true" condition-coverage="100% (2/2)"/>
						<line number="2326" hits="1" branch="true" condition-coverage="50% (1/2)" missing-branches="2325"/>
						<line number="2327" hits="1"/>
						<line number="2328" hits="1"/>
						<line number="2330" hits="1"/>
						<line number="2332" hits="1"/>
						<line number="2333" hits="1" branch="true" condition-coverage="100% (2/2)"/>
						<line number="2334" hits="1"/>
						<line number="2335" hits="1"/>
						<line number="2336" hits="1"/>
						<line number="2337" hits="1"/>
						<line number="2338" hits="1"/>
						<line number="2340" hits="1"/>
						<line number="2344" hits="1"/>
						<line number="2345" hits="1"/>
						<line number="2346" hits="1"/>
						<line number="2348" hits="1"/>
						<line number="2355" hits="1" branch="true" condition-coverage="100% (2/2)"/>
						<line number="2356" hits="1"/>
						<line number="2357" hits="1"/>
						<line number="2359" hits="1"/>
						<line number="2360" hits="1"/>
						<line number="2361" hits="1"/>
						<line number="2362" hits="1"/>
						<line number="2363" hits="1"/>
						<line number="2364" hits="1" branch="true" condition-coverage="100% (2/2)"/>
						<line number="2365" hits="1"/>
						<line number="2366" hits="1" branch="true" condition-coverage="50% (1/2)" missing-branches="2367"/>
						<line number="2367" hits="0"/>
						<line number="2368" hits="0"/>
						<line number="2370" hits="0"/>
						<line number="2371" hits="0"/>
						<line number="2372" hits="1"/>
						<line number="2373" hits="1"/>
						<line number="2374" hits="1" branch="true" condition-coverage="100% (2/2)"/>
						<line number="2375" hits="1"/>
						<line number="2376" hits="1" branch="true" condition-coverage="50% (1/2)" missing-branches="2377"/>
						<line number="2377" hits="0"/>
						<line number="2378" hits="0"/>
						<line number="2379" hits="0"/>
						<line number="2380" hits="0"/>
						<line number="2381" hits="1"/>
						<line number="2383" hits="1"/>
						<line number="2384" hits="1"/>
						<line number="2386" hits="1"/>
						<line number="2389" hits="1"/>
						<line number="2390" hits="1"/>
						<line number="2391" hits="1"/>
						<line number="2392" hits="1" branch="true" condition-coverage="100% (2/2)"/>
						<line number="2393" hits="1"/>
						<line number="2394" hits="1" branch="true" condition-coverage="50% (1/2)" missing-branches="2395"/>
						<line number="2395" hits="0"/>
						<line number="2396" hits="1"/>
						<line number="2397" hits="1"/>
						<line number="2398" hits="1" branch="true" condition-coverage="100% (2/2)"/>
						<line number="2399" hits="1"/>
						<line number="2400" hits="1" branch="true" condition-coverage="50% (1/2)" missing-branches="2401"/>
						<line number="2401" hits="0"/>
						<line number="2402" hits="1"/>
						<line number="2403" hits="1"/>
						<line number="2404" hits="1" branch="true" condition-coverage="100% (2/2)"/>
						<line number="2405" hits="1"/>
						<line number="2406" hits="1" branch="true" condition-coverage="50% (1/2)" missing-branches="2404"/>
						<line number="2407" hits="1"/>
						<line number="2408" hits="1" branch="true" condition-coverage="100% (2/2)"/>
						<line number="2409" hits="1"/>
						<line number="2410" hits="1" branch="true" condition-coverage="50% (1/2)" missing-branches="2408"/>
						<line number="2411" hits="1"/>
						<line number="2413" hits="1"/>
						<line number="2414" hits="1"/>
						<line number="2419" hits="1"/>
						<line number="2421" hits="1"/>
						<line number="2422" hits="1"/>
						<line number="2423" hits="1"/>
						<line number="2425" hits="1"/>
						<line number="2428" hits="1"/>
						<line number="2429" hits="1" branch="true" condition-coverage="100% (2/2)"/>
						<line number="2430" hits="1"/>
						<line number="2431" hits="1"/>
						<line number="2433" hits="1"/>
						<line number="2434" hits="1" branch="true" condition-coverage="100% (2/2)"/>
						<line number="2435" hits="1"/>
						<line number="2436" hits="1"/>
						<line number="2438" hits="1"/>
						<line number="2439" hits="1" branch="true" condition-coverage="100% (2/2)"/>
						<line number="2440" hits="1"/>
						<line number="2441" hits="1" branch="true" condition-coverage="100% (2/2)"/>
						<line number="2442" hits="1"/>
						<line number="2443" hits="1" branch="true" condition-coverage="50% (1/2)" missing-branches="2441"/>
						<line number="2444" hits="1"/>
						<line number="2445" hits="1" branch="true" condition-coverage="50% (1/2)" missing-branches="2446"/>
						<line number="2446" hits="0"/>
						<line number="2447" hits="1" branch="true" condition-coverage="50% (1/2)" missing-branches="2448"/>
						<line number="2448" hits="0"/>
						<line number="2449" hits="0"/>
						<line number="2450" hits="0"/>
						<line number="2451" hits="0" branch="true" condition-coverage="0% (0/2)" missing-branches="2447,2452"/>
						<line number="2452" hits="0"/>
						<line number="2454" hits="1"/>
						<line number="2455" hits="1" branch="true" condition-coverage="100% (2/2)"/>
						<line number="2456" hits="1"/>
						<line number="2457" hits="1" branch="true" condition-coverage="100% (2/2)"/>
						<line number="2458" hits="1"/>
						<line number="2459" hits="1" branch="true" condition-coverage="50% (1/2)" missing-branches="2457"/>
						<line number="2460" hits="1"/>
						<line number="2461" hits="1" branch="true" condition-coverage="50% (1/2)" missing-branches="2462"/>
						<line number="2462" hits="0"/>
						<line number="2464" hits="1"/>
						<line number="2465" hits="1" branch="true" condition-coverage="100% (2/2)"/>
						<line number="2466" hits="1"/>
						<line number="2467" hits="1" branch="true" condition-coverage="100% (2/2)"/>
						<line number="2468" hits="1" branch="true" condition-coverage="50% (1/2)" missing-branches="2467"/>
						<line number="2469" hits="1"/>
						<line number="2470" hits="1" branch="true" condition-coverage="100% (2/2)"/>
						<line number="2471" hits="1"/>
						<line number="2472" hits="1" branch="true" condition-coverage="50% (1/2)" missing-branches="2470"/>
						<line number="2473" hits="1"/>
						<line number="2474" hits="1" branch="true" condition-coverage="100% (2/2)"/>
						<line number="2475" hits="1"/>
						<line number="2477" hits="1" branch="true" condition-coverage="100% (2/2)"/>
						<line number="2478" hits="1"/>
						<line number="2479" hits="1"/>
						<line number="2480" hits="1"/>
						<line number="2481" hits="1"/>
						<line number="2483" hits="1"/>
						<line number="2484" hits="1"/>
						<line number="2489" hits="1"/>
						<line number="2490" hits="1" branch="true" condition-coverage="50% (1/2)" missing-branches="2491"/>
						<line number="2491" hits="0"/>
						<line number="2492" hits="1"/>
						<line number="2493" hits="1"/>
						<line number="2494" hits="1"/>
						<line number="2495" hits="1" branch="true" condition-coverage="50% (1/2)" missing-branches="2496"/>
						<line number="2496" hits="0"/>
						<line number="2497" hits="0"/>
						<line number="2498" hits="0"/>
						<line number="2499" hits="0"/>
						<line number="2501" hits="1" branch="true" condition-coverage="100% (2/2)"/>
						<line number="2502" hits="1"/>
						<line number="2503" hits="1" branch="true" condition-coverage="100% (2/2)"/>
						<line number="2504" hits="1" branch="true" condition-coverage="100% (2/2)"/>
						<line number="2505" hits="1"/>
						<line number="2506" hits="1"/>
						<line number="2507" hits="1" branch="true" condition-coverage="100% (2/2)"/>
						<line number="2508" hits="1"/>
						<line number="2509" hits="1" branch="true" condition-coverage="50% (1/2)" missing-branches="2510"/>
						<line number="2510" hits="0"/>
						<line number="2511" hits="0"/>
						<line number="2512" hits="1"/>
						<line number="2513" hits="1" branch="true" condition-coverage="50% (1/2)" missing-branches="2515"/>
						<line number="2515" hits="0" branch="true" condition-coverage="0% (0/2)" missing-branches="2513,2516"/>
						<line number="2516" hits="0"/>
						<line number="2517" hits="0"/>
						<line number="2518" hits="0"/>
						<line number="2519" hits="0"/>
						<line number="2520" hits="1"/>
						<line number="2521" hits="1"/>
						<line number="2522" hits="1"/>
						<line number="2525" hits="1"/>
						<line number="2526" hits="1" branch="true" condition-coverage="100% (2/2)"/>
						<line number="2527" hits="1" branch="true" condition-coverage="100% (2/2)"/>
						<line number="2528" hits="1"/>
						<line number="2529" hits="1"/>
						<line number="2530" hits="1" branch="true" condition-coverage="100% (2/2)"/>
						<line number="2531" hits="1"/>
						<line number="2532" hits="1" branch="true" condition-coverage="100% (2/2)"/>
						<line number="2533" hits="1"/>
						<line number="2534" hits="1"/>
						<line number="2535" hits="1"/>
						<line number="2537" hits="1"/>
						<line number="2538" hits="1"/>
						<line number="2539" hits="1" branch="true" condition-coverage="100% (2/2)"/>
						<line number="2540" hits="1"/>
						<line number="2541" hits="1"/>
						<line number="2542" hits="1"/>
						<line number="2543" hits="1"/>
						<line number="2544" hits="1"/>
						<line number="2546" hits="1"/>
						<line number="2547" hits="1" branch="true" condition-coverage="100% (2/2)"/>
						<line number="2548" hits="1"/>
						<line number="2549" hits="1"/>
						<line number="2550" hits="1"/>
						<line number="2554" hits="1"/>
						<line number="2555" hits="1" branch="true" condition-coverage="100% (2/2)"/>
						<line number="2556" hits="1"/>
						<line number="2557" hits="1"/>
						<line number="2558" hits="1"/>
						<line number="2565" hits="1"/>
						<line number="2595" hits="1"/>
						<line number="2596" hits="1" branch="true" condition-coverage="100% (2/2)"/>
						<line number="2597" hits="1"/>
						<line number="2605" hits="1" branch="true" condition-coverage="100% (2/2)"/>
						<line number="2606" hits="1"/>
						<line number="2607" hits="1"/>
						<line number="2608" hits="1"/>
						<line number="2609" hits="1" branch="true" condition-coverage="100% (2/2)"/>
						<line number="2610" hits="1"/>
						<line number="2611" hits="1" branch="true" condition-coverage="100% (2/2)"/>
						<line number="2612" hits="1"/>
						<line number="2613" hits="1" branch="true" condition-coverage="100% (2/2)"/>
						<line number="2614" hits="1"/>
						<line number="2615" hits="1" branch="true" condition-coverage="50% (1/2)" missing-branches="2618"/>
						<line number="2616" hits="1"/>
						<line number="2618" hits="1"/>
						<line number="2619" hits="1" branch="true" condition-coverage="100% (2/2)"/>
						<line number="2620" hits="1"/>
						<line number="2621" hits="1" branch="true" condition-coverage="100% (2/2)"/>
						<line number="2622" hits="1"/>
						<line number="2623" hits="1" branch="true" condition-coverage="100% (2/2)"/>
						<line number="2624" hits="1"/>
						<line number="2625" hits="1" branch="true" condition-coverage="50% (1/2)" missing-branches="2627"/>
						<line number="2626" hits="1"/>
						<line number="2627" hits="0" branch="true" condition-coverage="0% (0/2)" missing-branches="2628,2629"/>
						<line number="2628" hits="0"/>
						<line number="2629" hits="1"/>
						<line number="2630" hits="1" branch="true" condition-coverage="100% (2/2)"/>
						<line number="2631" hits="1"/>
						<line number="2632" hits="1"/>
						<line number="2633" hits="1" branch="true" condition-coverage="50% (1/2)" missing-branches="2634"/>
						<line number="2634" hits="0"/>
						<line number="2635" hits="1"/>
						<line number="2647" hits="1" branch="true" condition-coverage="100% (2/2)"/>
						<line number="2648" hits="1"/>
						<line number="2649" hits="1"/>
						<line number="2650" hits="1"/>
						<line number="2651" hits="1"/>
						<line number="2652" hits="1" branch="true" condition-coverage="100% (2/2)"/>
						<line number="2653" hits="1"/>
						<line number="2654" hits="1"/>
						<line number="2655" hits="1" branch="true" condition-coverage="50% (1/2)" missing-branches="2658"/>
						<line number="2656" hits="1"/>
						<line number="2657" hits="1"/>
						<line number="2658" hits="0" branch="true" condition-coverage="0% (0/2)" missing-branches="2659,2662"/>
						<line number="2659" hits="0"/>
						<line number="2660" hits="0"/>
						<line number="2661" hits="0"/>
						<line number="2662" hits="1"/>
						<line number="2664" hits="1"/>
						<line number="2665" hits="1"/>
						<line number="2666" hits="1" branch="true" condition-coverage="100% (2/2)"/>
						<line number="2667" hits="1" branch="true" condition-coverage="100% (2/2)"/>
						<line number="2668" hits="1"/>
						<line number="2669" hits="1"/>
						<line number="2670" hits="1"/>
						<line number="2671" hits="1" branch="true" condition-coverage="50% (1/2)" missing-branches="2672"/>
						<line number="2672" hits="0"/>
						<line number="2673" hits="1" branch="true" condition-coverage="100% (2/2)"/>
						<line number="2675" hits="1"/>
						<line number="2676" hits="1"/>
						<line number="2677" hits="1"/>
						<line number="2678" hits="1"/>
						<line number="2680" hits="1"/>
						<line number="2681" hits="1"/>
						<line number="2682" hits="1"/>
						<line number="2683" hits="1" branch="true" condition-coverage="100% (2/2)"/>
						<line number="2684" hits="1" branch="true" condition-coverage="50% (1/2)" missing-branches="2685"/>
						<line number="2685" hits="0"/>
						<line number="2686" hits="0"/>
						<line number="2687" hits="1" branch="true" condition-coverage="50% (1/2)" missing-branches="2688"/>
						<line number="2688" hits="0"/>
						<line number="2689" hits="1"/>
						<line number="2690" hits="1"/>
						<line number="2691" hits="1" branch="true" condition-coverage="100% (2/2)"/>
						<line number="2692" hits="1"/>
						<line number="2694" hits="1"/>
						<line number="2695" hits="1"/>
						<line number="2696" hits="1"/>
						<line number="2697" hits="1"/>
						<line number="2698" hits="1" branch="true" condition-coverage="50% (1/2)" missing-branches="2699"/>
						<line number="2699" hits="0"/>
						<line number="2700" hits="0"/>
						<line number="2701" hits="1" branch="true" condition-coverage="100% (2/2)"/>
						<line number="2702" hits="1"/>
						<line number="2703" hits="1"/>
						<line number="2704" hits="1" branch="true" condition-coverage="100% (2/2)"/>
						<line number="2705" hits="1"/>
						<line number="2706" hits="1"/>
						<line number="2709" hits="1"/>
						<line number="2710" hits="1"/>
						<line number="2711" hits="1" branch="true" condition-coverage="50% (1/2)" missing-branches="2712"/>
						<line number="2712" hits="0"/>
						<line number="2713" hits="0"/>
						<line number="2714" hits="0"/>
						<line number="2716" hits="1" branch="true" condition-coverage="100% (2/2)"/>
						<line number="2717" hits="1"/>
						<line number="2719" hits="1" branch="true" condition-coverage="50% (1/2)" missing-branches="2721"/>
						<line number="2720" hits="1"/>
						<line number="2721" hits="0" branch="true" condition-coverage="0% (0/2)" missing-branches="2722,2726"/>
						<line number="2722" hits="0"/>
						<line number="2723" hits="0" branch="true" condition-coverage="0% (0/2)" missing-branches="2724,2727"/>
						<line number="2724" hits="0"/>
						<line number="2726" hits="0"/>
						<line number="2727" hits="1" branch="true" condition-coverage="50% (1/2)" missing-branches="2728"/>
						<line number="2728" hits="0"/>
						<line number="2730" hits="1" branch="true" condition-coverage="50% (1/2)" missing-branches="2731"/>
						<line number="2731" hits="0"/>
						<line number="2732" hits="0"/>
						<line number="2733" hits="1" branch="true" condition-coverage="50% (1/2)" missing-branches="2736"/>
						<line number="2734" hits="1"/>
						<line number="2735" hits="1"/>
						<line number="2736" hits="0" branch="true" condition-coverage="0% (0/2)" missing-branches="2737,2740"/>
						<line number="2737" hits="0"/>
						<line number="2738" hits="0"/>
						<line number="2740" hits="0"/>
						<line number="2741" hits="0"/>
						<line number="2743" hits="1"/>
						<line number="2744" hits="1" branch="true" condition-coverage="50% (1/2)" missing-branches="2746"/>
						<line number="2745" hits="1"/>
						<line number="2746" hits="1"/>
						<line number="2747" hits="1"/>
						<line number="2748" hits="1"/>
						<line number="2749" hits="1"/>
						<line number="2760" hits="1"/>
						<line number="2761" hits="1"/>
						<line number="2762" hits="1" branch="true" condition-coverage="100% (2/2)"/>
						<line number="2763" hits="1" branch="true" condition-coverage="50% (1/2)" missing-branches="2762"/>
						<line number="2764" hits="1"/>
						<line number="2765" hits="1"/>
						<line number="2774" hits="1" branch="true" condition-coverage="50% (1/2)" missing-branches="2775"/>
						<line number="2775" hits="0"/>
						<line number="2776" hits="0"/>
						<line number="2778" hits="0" branch="true" condition-coverage="0% (0/2)" missing-branches="2779,2789"/>
						<line number="2779" hits="0"/>
						<line number="2780" hits="0"/>
						<line number="2789" hits="0"/>
						<line number="2791" hits="1"/>
						<line number="2792" hits="1" branch="true" condition-coverage="50% (1/2)" missing-branches="2793"/>
						<line number="2793" hits="0"/>
						<line number="2794" hits="1" branch="true" condition-coverage="100% (2/2)"/>
						<line number="2795" hits="1" branch="true" condition-coverage="50% (1/2)" missing-branches="2796"/>
						<line number="2796" hits="0"/>
						<line number="2797" hits="1" branch="true" condition-coverage="50% (1/2)" missing-branches="2798"/>
						<line number="2798" hits="0"/>
						<line number="2799" hits="0"/>
						<line number="2801" hits="1"/>
						<line number="2802" hits="1"/>
						<line number="2803" hits="1"/>
						<line number="2804" hits="1"/>
						<line number="2805" hits="1"/>
						<line number="2807" hits="1" branch="true" condition-coverage="50% (1/2)" missing-branches="2817"/>
						<line number="2808" hits="1"/>
						<line number="2817" hits="1"/>
						<line number="2818" hits="1"/>
						<line number="2820" hits="1"/>
						<line number="2836" hits="1"/>
[...]
						<line number="12" hits="0"/>
						<line number="15" hits="1"/>
						<line number="16" hits="1"/>
						<line number="18" hits="1"/>
						<line number="19" hits="1"/>
						<line number="20" hits="1"/>
						<line number="21" hits="1"/>
						<line number="25" hits="1"/>
						<line number="26" hits="1"/>
						<line number="27" hits="1"/>
						<line number="30" hits="1"/>
						<line number="31" hits="1"/>
						<line number="32" hits="1"/>
						<line number="36" hits="1"/>
						<line number="37" hits="1"/>
						<line number="38" hits="1"/>
						<line number="39" hits="1"/>
						<line number="42" hits="1"/>
						<line number="43" hits="1"/>
						<line number="44" hits="1"/>
						<line number="45" hits="1"/>
						<line number="49" hits="1"/>
						<line number="50" hits="1"/>
						<line number="51" hits="1"/>
						<line number="52" hits="1"/>
						<line number="53" hits="1"/>
						<line number="56" hits="1"/>
						<line number="57" hits="1"/>
						<line number="58" hits="1"/>
						<line number="59" hits="1"/>
						<line number="60" hits="1"/>
						<line number="61" hits="1"/>
						<line number="65" hits="1"/>
						<line number="66" hits="1"/>
						<line number="67" hits="1"/>
						<line number="70" hits="1"/>
						<line number="71" hits="1"/>
						<line number="72" hits="1"/>
						<line number="73" hits="1"/>
						<line number="77" hits="1"/>
						<line number="78" hits="1"/>
						<line number="79" hits="1"/>
						<line number="82" hits="1"/>
						<line number="83" hits="1"/>
						<line number="84" hits="1"/>
						<line number="87" hits="1"/>
						<line number="88" hits="1"/>
						<line number="89" hits="1"/>
						<line number="90" hits="1"/>
						<line number="93" hits="1"/>
						<line number="94" hits="1"/>
						<line number="95" hits="1"/>
						<line number="96" hits="1"/>
						<line number="100" hits="1"/>
						<line number="101" hits="1"/>
						<line number="102" hits="1"/>
						<line number="104" hits="1"/>
						<line number="105" hits="1"/>
						<line number="106" hits="1"/>
						<line number="107" hits="1"/>
						<line number="109" hits="1"/>
						<line number="112" hits="1"/>
						<line number="113" hits="1"/>
						<line number="114" hits="1"/>
						<line number="115" hits="1"/>
						<line number="117" hits="1"/>
						<line number="118" hits="1"/>
						<line number="119" hits="1"/>
						<line number="120" hits="1"/>
						<line number="122" hits="1"/>
					</lines>
				</class>
				<class name="test_fetch_iam.py" filename="tests/test_fetch_iam.py" complexity="0" line-rate="0.9841" branch-rate="0.8333">
					<methods/>
					<lines>
						<line number="3" hits="1"/>
						<line number="4" hits="1"/>
						<line number="5" hits="1"/>
						<line number="6" hits="1"/>
						<line number="7" hits="1"/>
						<line number="8" hits="1"/>
						<line number="10" hits="1"/>
						<line number="23" hits="1"/>
						<line number="30" hits="1"/>
						<line number="31" hits="1"/>
						<line number="32" hits="1"/>
						<line number="33" hits="1"/>
						<line number="34" hits="1"/>
						<line number="35" hits="1"/>
						<line number="36" hits="1" branch="true" condition-coverage="100% (2/2)"/>
						<line number="37" hits="1" branch="true" condition-coverage="100% (2/2)"/>
						<line number="38" hits="1"/>
						<line number="39" hits="0"/>
						<line number="42" hits="1"/>
						<line number="43" hits="1"/>
						<line number="44" hits="1"/>
						<line number="45" hits="1"/>
						<line number="48" hits="1"/>
						<line number="49" hits="1"/>
						<line number="50" hits="1"/>
						<line number="53" hits="1"/>
						<line number="54" hits="1"/>
						<line number="55" hits="1"/>
						<line number="56" hits="1"/>
						<line number="59" hits="1"/>
						<line number="60" hits="1"/>
						<line number="61" hits="1"/>
						<line number="62" hits="1"/>
						<line number="63" hits="1"/>
						<line number="66" hits="1"/>
						<line number="67" hits="1"/>
						<line number="68" hits="1"/>
						<line number="69" hits="1"/>
						<line number="70" hits="1"/>
						<line number="73" hits="1"/>
						<line number="74" hits="1"/>
						<line number="75" hits="1"/>
						<line number="76" hits="1"/>
						<line number="79" hits="1"/>
						<line number="80" hits="1"/>
						<line number="81" hits="1"/>
						<line number="82" hits="1"/>
						<line number="83" hits="1"/>
						<line number="86" hits="1"/>
						<line number="88" hits="1"/>
						<line number="95" hits="1"/>
						<line number="96" hits="1"/>
						<line number="99" hits="1"/>
						<line number="106" hits="1"/>
						<line number="107" hits="1"/>
						<line number="108" hits="1"/>
						<line number="111" hits="1"/>
						<line number="112" hits="1"/>
						<line number="113" hits="1"/>
						<line number="116" hits="1"/>
						<line number="117" hits="1"/>
						<line number="118" hits="1"/>
						<line number="119" hits="1"/>
						<line number="120" hits="1"/>
						<line number="121" hits="1"/>
						<line number="122" hits="1"/>
						<line number="125" hits="1"/>
						<line number="126" hits="1"/>
						<line number="127" hits="1"/>
						<line number="128" hits="1"/>
						<line number="129" hits="1"/>
						<line number="132" hits="1"/>
						<line number="133" hits="1"/>
						<line number="134" hits="1"/>
						<line number="135" hits="1"/>
						<line number="136" hits="1"/>
						<line number="137" hits="1"/>
						<line number="140" hits="1"/>
						<line number="141" hits="1"/>
						<line number="146" hits="1"/>
						<line number="152" hits="1"/>
						<line number="153" hits="1"/>
						<line number="154" hits="1"/>
						<line number="155" hits="1"/>
						<line number="158" hits="1"/>
						<line number="159" hits="1"/>
						<line number="160" hits="1"/>
						<line number="161" hits="1"/>
						<line number="162" hits="1"/>
						<line number="163" hits="1"/>
						<line number="164" hits="1"/>
						<line number="167" hits="1"/>
						<line number="168" hits="1"/>
						<line number="169" hits="1"/>
						<line number="170" hits="1"/>
						<line number="171" hits="1"/>
						<line number="172" hits="1"/>
						<line number="173" hits="1"/>
						<line number="176" hits="1"/>
						<line number="177" hits="1"/>
						<line number="178" hits="1"/>
						<line number="179" hits="1"/>
						<line number="180" hits="1"/>
						<line number="181" hits="1"/>
						<line number="182" hits="1"/>
						<line number="187" hits="1"/>
						<line number="188" hits="1"/>
						<line number="189" hits="1"/>
						<line number="190" hits="1"/>
						<line number="191" hits="1"/>
						<line number="193" hits="1"/>
						<line number="198" hits="1"/>
						<line number="199" hits="1"/>
						<line number="201" hits="1"/>
						<line number="204" hits="1"/>
						<line number="205" hits="1"/>
						<line number="208" hits="1"/>
						<line number="209" hits="1"/>
						<line number="210" hits="1"/>
						<line number="211" hits="1"/>
						<line number="212" hits="1"/>
						<line number="213" hits="1"/>
						<line number="214" hits="1"/>
						<line number="216" hits="1"/>
						<line number="218" hits="1" branch="true" condition-coverage="50% (1/2)" missing-branches="219"/>
						<line number="219" hits="0"/>
					</lines>
				</class>
				<class name="test_graph_builder.py" filename="tests/test_graph_builder.py" complexity="0" line-rate="0.9643" branch-rate="0.5">
					<methods/>
					<lines>
						<line number="3" hits="1"/>
						<line number="4" hits="1"/>
						<line number="5" hits="1"/>
						<line number="6" hits="1"/>
						<line number="7" hits="1"/>
						<line number="8" hits="1"/>
						<line number="9" hits="1"/>
						<line number="10" hits="1"/>
						<line number="28" hits="1"/>
						<line number="64" hits="1"/>
						<line number="65" hits="1"/>
						<line number="66" hits="0"/>
						<line number="67" hits="0"/>
						<line number="68" hits="0"/>
						<line number="69" hits="0"/>
						<line number="72" hits="1"/>
						<line number="73" hits="1"/>
						<line number="74" hits="1"/>
						<line number="77" hits="1"/>
						<line number="78" hits="1"/>
						<line number="79" hits="1"/>
						<line number="81" hits="1"/>
						<line number="82" hits="1"/>
						<line number="83" hits="1"/>
						<line number="86" hits="1"/>
						<line number="87" hits="1"/>
						<line number="88" hits="1"/>
						<line number="90" hits="1"/>
						<line number="91" hits="1"/>
						<line number="92" hits="1"/>
						<line number="93" hits="1"/>
						<line number="94" hits="1"/>
						<line number="96" hits="1"/>
						<line number="97" hits="1"/>
						<line number="98" hits="1"/>
						<line number="99" hits="1"/>
						<line number="101" hits="1"/>
						<line number="102" hits="1"/>
						<line number="103" hits="1"/>
						<line number="104" hits="1"/>
						<line number="106" hits="1"/>
						<line number="107" hits="1"/>
						<line number="108" hits="1"/>
						<line number="109" hits="1"/>
						<line number="111" hits="1"/>
						<line number="112" hits="1"/>
						<line number="113" hits="1"/>
						<line number="114" hits="1"/>
						<line number="116" hits="1"/>
						<line number="117" hits="1"/>
						<line number="118" hits="1"/>
						<line number="119" hits="1"/>
						<line number="120" hits="1"/>
						<line number="121" hits="1"/>
						<line number="122" hits="1"/>
						<line number="124" hits="1"/>
						<line number="125" hits="1"/>
						<line number="126" hits="1"/>
						<line number="127" hits="1"/>
						<line number="128" hits="1"/>
						<line number="129" hits="1"/>
						<line number="130" hits="1"/>
						<line number="131" hits="1"/>
						<line number="133" hits="1"/>
						<line number="134" hits="1"/>
						<line number="135" hits="1"/>
						<line number="136" hits="1"/>
						<line number="137" hits="1"/>
						<line number="138" hits="1"/>
						<line number="140" hits="1"/>
						<line number="141" hits="1"/>
						<line number="142" hits="1"/>
						<line number="143" hits="1"/>
						<line number="144" hits="1"/>
						<line number="146" hits="1"/>
						<line number="147" hits="1"/>
						<line number="148" hits="1"/>
						<line number="149" hits="1"/>
						<line number="150" hits="1"/>
						<line number="152" hits="1"/>
						<line number="153" hits="1"/>
						<line number="154" hits="1"/>
						<line number="155" hits="1"/>
						<line number="156" hits="1"/>
						<line number="158" hits="1"/>
						<line number="159" hits="1"/>
						<line number="160" hits="1"/>
						<line number="161" hits="1"/>
						<line number="162" hits="1"/>
						<line number="164" hits="1"/>
						<line number="165" hits="1"/>
						<line number="166" hits="1"/>
						<line number="167" hits="1"/>
						<line number="168" hits="1"/>
						<line number="169" hits="1" branch="true" condition-coverage="50% (1/2)" missing-branches="exit"/>
						<line number="170" hits="1"/>
						<line number="172" hits="1"/>
						<line number="173" hits="1"/>
						<line number="174" hits="1"/>
						<line number="176" hits="1"/>
						<line number="179" hits="1"/>
						<line number="180" hits="1"/>
						<line number="181" hits="1"/>
						<line number="184" hits="1"/>
						<line number="193" hits="1"/>
						<line number="194" hits="1"/>
						<line number="195" hits="1"/>
						<line number="196" hits="1"/>
						<line number="198" hits="1"/>
						<line number="201" hits="1"/>
						<line number="204" hits="1"/>
						<line number="205" hits="1"/>
						<line number="206" hits="1"/>
						<line number="207" hits="1"/>
						<line number="208" hits="1"/>
						<line number="209" hits="1"/>
						<line number="212" hits="1"/>
						<line number="213" hits="1"/>
						<line number="214" hits="1"/>
						<line number="216" hits="1"/>
						<line number="217" hits="1"/>
						<line number="218" hits="1"/>
						<line number="219" hits="1"/>
						<line number="221" hits="1"/>
						<line number="223" hits="1"/>
						<line number="225" hits="1"/>
						<line number="227" hits="1"/>
						<line number="229" hits="1"/>
						<line number="232" hits="1"/>
						<line number="233" hits="1"/>
						<line number="234" hits="1"/>
						<line number="235" hits="1"/>
						<line number="237" hits="1"/>
						<line number="238" hits="1"/>
						<line number="241" hits="1"/>
						<line number="250" hits="1"/>
						<line number="252" hits="1"/>
						<line number="253" hits="1"/>
						<line number="255" hits="1" branch="true" condition-coverage="50% (1/2)" missing-branches="256"/>
						<line number="256" hits="0"/>
					</lines>
				</class>
				<class name="test_main.py" filename="tests/test_main.py" complexity="0" line-rate="1" branch-rate="1">
					<methods/>
					<lines>
						<line number="1" hits="1"/>
						<line number="2" hits="1"/>
						<line number="3" hits="1"/>
						<line number="4" hits="1"/>
						<line number="5" hits="1"/>
						<line number="6" hits="1"/>
						<line number="7" hits="1"/>
						<line number="10" hits="1"/>
						<line number="16" hits="1"/>
						<line number="17" hits="1"/>
						<line number="18" hits="1"/>
						<line number="19" hits="1"/>
						<line number="20" hits="1"/>
						<line number="26" hits="1"/>
						<line number="27" hits="1"/>
						<line number="28" hits="1"/>
						<line number="29" hits="1"/>
						<line number="31" hits="1"/>
						<line number="32" hits="1"/>
						<line number="34" hits="1"/>
						<line number="35" hits="1"/>
						<line number="41" hits="1"/>
						<line number="42" hits="1"/>
						<line number="43" hits="1"/>
						<line number="45" hits="1"/>
						<line number="46" hits="1"/>
						<line number="48" hits="1"/>
						<line number="49" hits="1"/>
						<line number="50" hits="1"/>
						<line number="52" hits="1"/>
						<line number="53" hits="1"/>
						<line number="59" hits="1"/>
						<line number="60" hits="1"/>
						<line number="61" hits="1"/>
						<line number="63" hits="1"/>
						<line number="64" hits="1"/>
						<line number="65" hits="1"/>
						<line number="67" hits="1"/>
						<line number="68" hits="1"/>
						<line number="69" hits="1"/>
						<line number="75" hits="1"/>
						<line number="76" hits="1"/>
						<line number="78" hits="1"/>
						<line number="79" hits="1"/>
						<line number="80" hits="1"/>
						<line number="86" hits="1"/>
						<line number="87" hits="1"/>
						<line number="98" hits="1"/>
						<line number="99" hits="1"/>
						<line number="100" hits="1"/>
						<line number="102" hits="1"/>
						<line number="103" hits="1"/>
						<line number="106" hits="1"/>
						<line number="107" hits="1"/>
						<line number="122" hits="1"/>
						<line number="123" hits="1"/>
						<line number="124" hits="1"/>
						<line number="125" hits="1"/>
						<line number="126" hits="1"/>
						<line number="132" hits="1"/>
						<line number="133" hits="1"/>
						<line number="146" hits="1"/>
						<line number="147" hits="1"/>
						<line number="148" hits="1"/>
						<line number="151" hits="1"/>
						<line number="152" hits="1"/>
						<line number="153" hits="1"/>
						<line number="159" hits="1"/>
						<line number="162" hits="1"/>
						<line number="170" hits="1"/>
						<line number="177" hits="1"/>
						<line number="178" hits="1"/>
						<line number="184" hits="1"/>
						<line number="185" hits="1"/>
						<line number="187" hits="1"/>
						<line number="188" hits="1"/>
						<line number="189" hits="1"/>
						<line number="191" hits="1"/>
						<line number="192" hits="1"/>
						<line number="193" hits="1"/>
					</lines>
				</class>
				<class name="test_secure_store.py" filename="tests/test_secure_store.py" complexity="0" line-rate="1" branch-rate="1">
					<methods/>
					<lines>
						<line number="3" hits="1"/>
						<line number="4" hits="1"/>
						<line number="5" hits="1"/>
						<line number="6" hits="1"/>
						<line number="7" hits="1"/>
						<line number="8" hits="1"/>
						<line number="9" hits="1"/>
						<line number="11" hits="1"/>
						<line number="23" hits="1"/>
						<line number="29" hits="1"/>
						<line number="30" hits="1"/>
						<line number="31" hits="1"/>
						<line number="34" hits="1"/>
						<line number="35" hits="1"/>
						<line number="38" hits="1"/>
						<line number="41" hits="1" branch="true" condition-coverage="100% (2/2)"/>
						<line number="42" hits="1"/>
						<line number="44" hits="1"/>
						<line number="47" hits="1"/>
						<line number="48" hits="1"/>
						<line number="49" hits="1"/>
						<line number="51" hits="1" branch="true" condition-coverage="100% (2/2)"/>
						<line number="52" hits="1"/>
						<line number="58" hits="1"/>
						<line number="59" hits="1"/>
						<line number="60" hits="1"/>
						<line number="61" hits="1"/>
						<line number="62" hits="1"/>
						<line number="65" hits="1"/>
						<line number="66" hits="1"/>
						<line number="67" hits="1"/>
						<line number="68" hits="1"/>
						<line number="69" hits="1"/>
						<line number="75" hits="1"/>
						<line number="76" hits="1"/>
						<line number="77" hits="1"/>
						<line number="79" hits="1"/>
						<line number="81" hits="1"/>
						<line number="82" hits="1"/>
						<line number="85" hits="1"/>
						<line number="86" hits="1"/>
						<line number="88" hits="1"/>
						<line number="89" hits="1"/>
						<line number="92" hits="1"/>
						<line number="93" hits="1"/>
						<line number="94" hits="1"/>
						<line number="95" hits="1"/>
						<line number="97" hits="1"/>
						<line number="98" hits="1"/>
						<line number="100" hits="1"/>
						<line number="101" hits="1"/>
						<line number="107" hits="1"/>
						<line number="108" hits="1"/>
						<line number="109" hits="1"/>
						<line number="111" hits="1"/>
						<line number="112" hits="1"/>
						<line number="115" hits="1"/>
						<line number="116" hits="1"/>
						<line number="117" hits="1"/>
						<line number="119" hits="1"/>
						<line number="121" hits="1"/>
						<line number="122" hits="1"/>
						<line number="125" hits="1"/>
						<line number="126" hits="1"/>
						<line number="127" hits="1"/>
						<line number="129" hits="1"/>
						<line number="130" hits="1"/>
						<line number="132" hits="1"/>
						<line number="135" hits="1"/>
						<line number="136" hits="1"/>
						<line number="137" hits="1"/>
						<line number="138" hits="1"/>
						<line number="140" hits="1"/>
						<line number="141" hits="1"/>
						<line number="143" hits="1"/>
						<line number="144" hits="1"/>
						<line number="145" hits="1"/>
						<line number="147" hits="1"/>
						<line number="148" hits="1" branch="true" condition-coverage="100% (2/2)"/>
						<line number="149" hits="1"/>
						<line number="150" hits="1"/>
						<line number="156" hits="1"/>
						<line number="157" hits="1"/>
						<line number="158" hits="1"/>
						<line number="161" hits="1"/>
						<line number="162" hits="1"/>
						<line number="163" hits="1"/>
						<line number="164" hits="1"/>
						<line number="165" hits="1"/>
						<line number="167" hits="1"/>
						<line number="173" hits="1"/>
						<line number="174" hits="1"/>
						<line number="175" hits="1"/>
						<line number="176" hits="1"/>
						<line number="178" hits="1"/>
						<line number="179" hits="1"/>
						<line number="180" hits="1"/>
						<line number="182" hits="1"/>
						<line number="183" hits="1"/>
						<line number="184" hits="1"/>
						<line number="185" hits="1"/>
						<line number="191" hits="1"/>
						<line number="192" hits="1"/>
						<line number="195" hits="1"/>
						<line number="197" hits="1"/>
						<line number="198" hits="1"/>
						<line number="199" hits="1"/>
						<line number="202" hits="1"/>
						<line number="203" hits="1"/>
						<line number="204" hits="1"/>
					</lines>
				</class>
			</classes>
		</package>
	</packages>
</coverage>
